Using pre-set license
Built from '2022.3/staging' branch; Version is '2022.3.17f1 (4fc78088f837) revision 5228416'; Using compiler version '192829333'; Build Type 'Release'
OS: 'Windows 11  (10.0.22631) 64bit Core' Language: 'en' Physical Memory: 16236 MB
BatchMode: 1, IsHumanControllingUs: 0, StartBugReporterOnCrash: 0, Is64bit: 1, IsPro: 1

COMMAND LINE ARGUMENTS:
C:\Program Files\Unity\Hub\Editor\2022.3.17f1\Editor\Unity.exe
-adb2
-batchMode
-noUpm
-name
AssetImportWorker1
-projectPath
C:/Users/Lydia/Documents/GitHub/CS4423-VideoGameProject/CS4423-GenghisHouseOdyssey
-logFile
Logs/AssetImportWorker1.log
-srvPort
56502
Successfully changed project path to: C:/Users/Lydia/Documents/GitHub/CS4423-VideoGameProject/CS4423-GenghisHouseOdyssey
C:/Users/Lydia/Documents/GitHub/CS4423-VideoGameProject/CS4423-GenghisHouseOdyssey
[UnityMemory] Configuration Parameters - Can be set up in boot.config
    "memorysetup-bucket-allocator-granularity=16"
    "memorysetup-bucket-allocator-bucket-count=8"
    "memorysetup-bucket-allocator-block-size=33554432"
    "memorysetup-bucket-allocator-block-count=8"
    "memorysetup-main-allocator-block-size=16777216"
    "memorysetup-thread-allocator-block-size=16777216"
    "memorysetup-gfx-main-allocator-block-size=16777216"
    "memorysetup-gfx-thread-allocator-block-size=16777216"
    "memorysetup-cache-allocator-block-size=4194304"
    "memorysetup-typetree-allocator-block-size=2097152"
    "memorysetup-profiler-bucket-allocator-granularity=16"
    "memorysetup-profiler-bucket-allocator-bucket-count=8"
    "memorysetup-profiler-bucket-allocator-block-size=33554432"
    "memorysetup-profiler-bucket-allocator-block-count=8"
    "memorysetup-profiler-allocator-block-size=16777216"
    "memorysetup-profiler-editor-allocator-block-size=1048576"
    "memorysetup-temp-allocator-size-main=16777216"
    "memorysetup-job-temp-allocator-block-size=2097152"
    "memorysetup-job-temp-allocator-block-size-background=1048576"
    "memorysetup-job-temp-allocator-reduction-small-platforms=262144"
    "memorysetup-allocator-temp-initial-block-size-main=262144"
    "memorysetup-allocator-temp-initial-block-size-worker=262144"
    "memorysetup-temp-allocator-size-background-worker=32768"
    "memorysetup-temp-allocator-size-job-worker=262144"
    "memorysetup-temp-allocator-size-preload-manager=33554432"
    "memorysetup-temp-allocator-size-nav-mesh-worker=65536"
    "memorysetup-temp-allocator-size-audio-worker=65536"
    "memorysetup-temp-allocator-size-cloud-worker=32768"
    "memorysetup-temp-allocator-size-gi-baking-worker=262144"
    "memorysetup-temp-allocator-size-gfx=262144"
Player connection [23396] Host "[IP] 192.168.1.253 [Port] 0 [Flags] 2 [Guid] 3347945661 [EditorId] 3347945661 [Version] 1048832 [Id] WindowsEditor(7,foxyCleopatra) [Debug] 1 [PackageName] WindowsEditor [ProjectName] Editor" joined multi-casting on [225.0.0.222:54997]...

Player connection [23396] Host "[IP] 192.168.1.253 [Port] 0 [Flags] 2 [Guid] 3347945661 [EditorId] 3347945661 [Version] 1048832 [Id] WindowsEditor(7,foxyCleopatra) [Debug] 1 [PackageName] WindowsEditor [ProjectName] Editor" joined alternative multi-casting on [225.0.0.222:34997]...

[Physics::Module] Initialized MultithreadedJobDispatcher with 15 workers.
Refreshing native plugins compatible for Editor in 20.71 ms, found 4 plugins.
Preloading 0 native plugins for Editor in 0.00 ms.
Initialize engine version: 2022.3.17f1 (4fc78088f837)
[Subsystems] Discovering subsystems at path C:/Program Files/Unity/Hub/Editor/2022.3.17f1/Editor/Data/Resources/UnitySubsystems
[Subsystems] Discovering subsystems at path C:/Users/Lydia/Documents/GitHub/CS4423-VideoGameProject/CS4423-GenghisHouseOdyssey/Assets
GfxDevice: creating device client; threaded=0; jobified=0
Direct3D:
    Version:  Direct3D 11.0 [level 11.1]
    Renderer: NVIDIA GeForce RTX 3050 Laptop GPU (ID=0x25e2)
    Vendor:   NVIDIA
    VRAM:     3991 MB
    Driver:   30.0.15.1236
Initialize mono
Mono path[0] = 'C:/Program Files/Unity/Hub/Editor/2022.3.17f1/Editor/Data/Managed'
Mono path[1] = 'C:/Program Files/Unity/Hub/Editor/2022.3.17f1/Editor/Data/MonoBleedingEdge/lib/mono/unityjit-win32'
Mono config path = 'C:/Program Files/Unity/Hub/Editor/2022.3.17f1/Editor/Data/MonoBleedingEdge/etc'
Using monoOptions --debugger-agent=transport=dt_socket,embedding=1,server=y,suspend=n,address=127.0.0.1:56596
Begin MonoManager ReloadAssembly
Registering precompiled unity dll's ...
Register platform support module: C:/Program Files/Unity/Hub/Editor/2022.3.17f1/Editor/Data/PlaybackEngines/WebGLSupport/UnityEditor.WebGL.Extensions.dll
Register platform support module: C:/Program Files/Unity/Hub/Editor/2022.3.17f1/Editor/Data/PlaybackEngines/WindowsStandaloneSupport/UnityEditor.WindowsStandalone.Extensions.dll
Registered in 0.010490 seconds.
- Loaded All Assemblies, in  0.750 seconds
Native extension for WindowsStandalone target not found
Native extension for WebGL target not found
Mono: successfully reloaded assembly
- Finished resetting the current domain, in  0.484 seconds
Domain Reload Profiling: 1231ms
	BeginReloadAssembly (272ms)
		ExecutionOrderSort (0ms)
		DisableScriptedObjects (0ms)
		BackupInstance (0ms)
		ReleaseScriptingObjects (0ms)
		CreateAndSetChildDomain (2ms)
	RebuildCommonClasses (67ms)
	RebuildNativeTypeToScriptingClass (12ms)
	initialDomainReloadingComplete (101ms)
	LoadAllAssembliesAndSetupDomain (295ms)
		LoadAssemblies (267ms)
		RebuildTransferFunctionScriptingTraits (0ms)
		AnalyzeDomain (291ms)
			TypeCache.Refresh (290ms)
				TypeCache.ScanAssembly (268ms)
			ScanForSourceGeneratedMonoScriptInfo (0ms)
			ResolveRequiredComponents (1ms)
	FinalizeReload (484ms)
		ReleaseScriptCaches (0ms)
		RebuildScriptCaches (0ms)
		SetupLoadedEditorAssemblies (388ms)
			LogAssemblyErrors (0ms)
			InitializePlatformSupportModulesInManaged (15ms)
			SetLoadedEditorAssemblies (10ms)
			RefreshPlugins (0ms)
			BeforeProcessingInitializeOnLoad (3ms)
			ProcessInitializeOnLoadAttributes (266ms)
			ProcessInitializeOnLoadMethodAttributes (93ms)
			AfterProcessingInitializeOnLoad (0ms)
			EditorAssembliesLoaded (0ms)
		ExecutionOrderSort2 (0ms)
		AwakeInstancesAfterBackupRestoration (0ms)
========================================================================
Worker process is ready to serve import requests
Begin MonoManager ReloadAssembly
- Loaded All Assemblies, in  1.256 seconds
Refreshing native plugins compatible for Editor in 5.60 ms, found 4 plugins.
Native extension for WindowsStandalone target not found
Native extension for WebGL target not found
Package Manager log level set to [2]
[Package Manager] Server::EnsureServerProcessIsRunning -- launch failed, reason: Unity was launched with the -noUpm command-line argument
[Package Manager] UpmClient::Send -- Unable to send message (not connected to UPM process).
[Package Manager] Cannot connect to Unity Package Manager local server
Mono: successfully reloaded assembly
- Finished resetting the current domain, in  1.150 seconds
Domain Reload Profiling: 2403ms
	BeginReloadAssembly (248ms)
		ExecutionOrderSort (0ms)
		DisableScriptedObjects (8ms)
		BackupInstance (0ms)
		ReleaseScriptingObjects (0ms)
		CreateAndSetChildDomain (31ms)
	RebuildCommonClasses (49ms)
	RebuildNativeTypeToScriptingClass (14ms)
	initialDomainReloadingComplete (65ms)
	LoadAllAssembliesAndSetupDomain (876ms)
		LoadAssemblies (639ms)
		RebuildTransferFunctionScriptingTraits (0ms)
		AnalyzeDomain (380ms)
			TypeCache.Refresh (327ms)
				TypeCache.ScanAssembly (297ms)
			ScanForSourceGeneratedMonoScriptInfo (40ms)
			ResolveRequiredComponents (11ms)
	FinalizeReload (1151ms)
		ReleaseScriptCaches (0ms)
		RebuildScriptCaches (0ms)
		SetupLoadedEditorAssemblies (865ms)
			LogAssemblyErrors (0ms)
			InitializePlatformSupportModulesInManaged (13ms)
			SetLoadedEditorAssemblies (6ms)
			RefreshPlugins (0ms)
			BeforeProcessingInitializeOnLoad (135ms)
			ProcessInitializeOnLoadAttributes (643ms)
			ProcessInitializeOnLoadMethodAttributes (60ms)
			AfterProcessingInitializeOnLoad (8ms)
			EditorAssembliesLoaded (0ms)
		ExecutionOrderSort2 (0ms)
		AwakeInstancesAfterBackupRestoration (17ms)
Launched and connected shader compiler UnityShaderCompiler.exe after 0.10 seconds
Refreshing native plugins compatible for Editor in 8.29 ms, found 4 plugins.
Preloading 0 native plugins for Editor in 0.00 ms.
Unloading 4044 Unused Serialized files (Serialized files now loaded: 0)
Unloading 70 unused Assets / (244.8 KB). Loaded Objects now: 4501.
Memory consumption went from 149.4 MB to 149.2 MB.
Total: 6.313900 ms (FindLiveObjects: 0.427900 ms CreateObjectMapping: 0.239600 ms MarkObjects: 5.180800 ms  DeleteObjects: 0.463300 ms)

AssetImportParameters requested are different than current active one (requested -> active):
  custom:container-demuxer-ogg: 62fdf1f143b41e24485cea50d1cbac27 -> 
  custom:video-codec-MediaFoundation-h265: 746d11721c4dcdbdad8f713fa42b33f4 -> 
  custom:video-decoder-ogg-theora: a1e56fd34408186e4bbccfd4996cb3dc -> 
  custom:framework-win-MediaFoundation: 216162199b28c13a410421893ffa2e32 -> 
  custom:CustomObjectIndexerAttribute: 6d391050e5a25f67b0a2c618074f2cd9 -> 
  custom:container-demuxer-webm: 4f35f7cbe854078d1ac9338744f61a02 -> 
  custom:container-muxer-webm: aa71ff27fc2769a1b78a27578f13a17b -> 
  custom:video-decoder-webm-vp8: 9c59270c3fd7afecdb556c50c9e8de78 -> 
  custom:SearchIndexIgnoredProperties: e643bd26f0fe6173181afceb89e7c659 -> 
  custom:AudioImporter_EditorPlatform: d09bf68614088b80899f8185d706f6e7 -> 
  custom:video-encoder-webm-vp8: eb34c28f22e8b96e1ab97ce403110664 -> 
  custom:audio-decoder-ogg-vorbis: bf7c407c2cedff20999df2af8eb42d56 -> 
  custom:audio-encoder-webm-vorbis: bf7c407c2cedff20999df2af8eb42d56 -> 
========================================================================
Received Import Request.
  Time since last request: 103217.264546 seconds.
  path: Assets/Tiles/floor and walls spritesheet_1.asset
  artifactKey: Guid(5d97214c0c9b15e49bf53f9163abf6ce) Importer(815301076,1909f56bfc062723c751e8b465ee728b)
Start importing Assets/Tiles/floor and walls spritesheet_1.asset using Guid(5d97214c0c9b15e49bf53f9163abf6ce) Importer(815301076,1909f56bfc062723c751e8b465ee728b)  -> (artifact id: 'affd4a3815db0b45b2998d39d7a08d81') in 0.223025 seconds
Number of updated asset objects reloaded before import = 0
Number of asset objects unloaded after import = 3
========================================================================
Received Import Request.
  Time since last request: 0.000047 seconds.
  path: Assets/Tiles/floor and walls spritesheet_29.asset
  artifactKey: Guid(56c15c9a99c1aaa45ae364f77e0f489f) Importer(815301076,1909f56bfc062723c751e8b465ee728b)
Start importing Assets/Tiles/floor and walls spritesheet_29.asset using Guid(56c15c9a99c1aaa45ae364f77e0f489f) Importer(815301076,1909f56bfc062723c751e8b465ee728b)  -> (artifact id: '1dfd0ba63472f23f2ae965300702afca') in 0.019676 seconds
Number of updated asset objects reloaded before import = 0
Number of asset objects unloaded after import = 3
========================================================================
Received Import Request.
  Time since last request: 0.000047 seconds.
  path: Assets/Tiles/floor and walls spritesheet_10.asset
  artifactKey: Guid(7d949f11072916d44a79b77e6161b255) Importer(815301076,1909f56bfc062723c751e8b465ee728b)
Start importing Assets/Tiles/floor and walls spritesheet_10.asset using Guid(7d949f11072916d44a79b77e6161b255) Importer(815301076,1909f56bfc062723c751e8b465ee728b)  -> (artifact id: '48a463a20289ce1c60c5735c0e992e75') in 0.027496 seconds
Number of updated asset objects reloaded before import = 0
Number of asset objects unloaded after import = 3
========================================================================
Received Import Request.
  Time since last request: 0.000032 seconds.
  path: Assets/Tiles/floor and walls spritesheet_15.asset
  artifactKey: Guid(668cb66af76350d44a38a9fc0be75336) Importer(815301076,1909f56bfc062723c751e8b465ee728b)
Start importing Assets/Tiles/floor and walls spritesheet_15.asset using Guid(668cb66af76350d44a38a9fc0be75336) Importer(815301076,1909f56bfc062723c751e8b465ee728b)  -> (artifact id: 'e2aa835924b7652f72f635fab24239a7') in 0.023161 seconds
Number of updated asset objects reloaded before import = 0
Number of asset objects unloaded after import = 3
========================================================================
Received Import Request.
  Time since last request: 0.000038 seconds.
  path: Assets/Tiles/floor and walls spritesheet_43.asset
  artifactKey: Guid(6096af0faa86bd142b5951a4d39ec1db) Importer(815301076,1909f56bfc062723c751e8b465ee728b)
Start importing Assets/Tiles/floor and walls spritesheet_43.asset using Guid(6096af0faa86bd142b5951a4d39ec1db) Importer(815301076,1909f56bfc062723c751e8b465ee728b)  -> (artifact id: 'cf87d9ffd4bc9dfd397f4a8374ff5a2d') in 0.024590 seconds
Number of updated asset objects reloaded before import = 0
Number of asset objects unloaded after import = 3
========================================================================
Received Import Request.
  Time since last request: 0.000041 seconds.
  path: Assets/Tiles/floor and walls spritesheet_42.asset
  artifactKey: Guid(4405b239bcf8949499ac1e10ccddabfe) Importer(815301076,1909f56bfc062723c751e8b465ee728b)
Start importing Assets/Tiles/floor and walls spritesheet_42.asset using Guid(4405b239bcf8949499ac1e10ccddabfe) Importer(815301076,1909f56bfc062723c751e8b465ee728b)  -> (artifact id: '1c53fd7043cf8dad82eb3eab2fbbe58c') in 0.046106 seconds
Number of updated asset objects reloaded before import = 0
Number of asset objects unloaded after import = 3
========================================================================
Received Import Request.
  Time since last request: 0.000039 seconds.
  path: Assets/Tiles/floor and walls spritesheet_22.asset
  artifactKey: Guid(0e8062b1441ff884d83f812d6124ff96) Importer(815301076,1909f56bfc062723c751e8b465ee728b)
Start importing Assets/Tiles/floor and walls spritesheet_22.asset using Guid(0e8062b1441ff884d83f812d6124ff96) Importer(815301076,1909f56bfc062723c751e8b465ee728b)  -> (artifact id: '2a126f2415eb396a0d5af77550654435') in 0.029937 seconds
Number of updated asset objects reloaded before import = 0
Number of asset objects unloaded after import = 3
========================================================================
Received Import Request.
  Time since last request: 0.000046 seconds.
  path: Assets/Tiles/floor and walls spritesheet_27.asset
  artifactKey: Guid(1e7b9335acb161d4a91c68249e0ba6a4) Importer(815301076,1909f56bfc062723c751e8b465ee728b)
Start importing Assets/Tiles/floor and walls spritesheet_27.asset using Guid(1e7b9335acb161d4a91c68249e0ba6a4) Importer(815301076,1909f56bfc062723c751e8b465ee728b)  -> (artifact id: '46b7497dda8e58892da44b428802c271') in 0.023953 seconds
Number of updated asset objects reloaded before import = 0
Number of asset objects unloaded after import = 3
========================================================================
Received Import Request.
  Time since last request: 0.000041 seconds.
  path: Assets/Tiles/floor and walls spritesheet_41.asset
  artifactKey: Guid(d1dc87e215b87ff4d8bfd071e6e192c3) Importer(815301076,1909f56bfc062723c751e8b465ee728b)
Start importing Assets/Tiles/floor and walls spritesheet_41.asset using Guid(d1dc87e215b87ff4d8bfd071e6e192c3) Importer(815301076,1909f56bfc062723c751e8b465ee728b)  -> (artifact id: '58c8ed6429d9f0e1f20e154fd497750e') in 0.034129 seconds
Number of updated asset objects reloaded before import = 0
Number of asset objects unloaded after import = 3
========================================================================
Received Import Request.
  Time since last request: 0.000044 seconds.
  path: Assets/Tiles/floor and walls spritesheet_35.asset
  artifactKey: Guid(f99605c13f96d5b46b4f7046b8c8f2a5) Importer(815301076,1909f56bfc062723c751e8b465ee728b)
Start importing Assets/Tiles/floor and walls spritesheet_35.asset using Guid(f99605c13f96d5b46b4f7046b8c8f2a5) Importer(815301076,1909f56bfc062723c751e8b465ee728b)  -> (artifact id: 'baf4fcc55a131b145edd50dc5f0f9bda') in 0.032422 seconds
Number of updated asset objects reloaded before import = 0
Number of asset objects unloaded after import = 3
========================================================================
Received Import Request.
  Time since last request: 0.000038 seconds.
  path: Assets/Tiles/floor and walls spritesheet_19.asset
  artifactKey: Guid(99f6b1e47223c434fb279bbb5eee9aae) Importer(815301076,1909f56bfc062723c751e8b465ee728b)
Start importing Assets/Tiles/floor and walls spritesheet_19.asset using Guid(99f6b1e47223c434fb279bbb5eee9aae) Importer(815301076,1909f56bfc062723c751e8b465ee728b)  -> (artifact id: 'f5b0736ed1f4fe1da74f830f80bdc860') in 0.018284 seconds
Number of updated asset objects reloaded before import = 0
Number of asset objects unloaded after import = 3
========================================================================
Received Import Request.
  Time since last request: 0.000021 seconds.
  path: Assets/Tiles/floor and walls spritesheet_8.asset
  artifactKey: Guid(f8101051990e3b440a197601b66f0836) Importer(815301076,1909f56bfc062723c751e8b465ee728b)
Start importing Assets/Tiles/floor and walls spritesheet_8.asset using Guid(f8101051990e3b440a197601b66f0836) Importer(815301076,1909f56bfc062723c751e8b465ee728b)  -> (artifact id: 'cba3a9950b281f7f4ed7df08c3f0eb3f') in 0.016706 seconds
Number of updated asset objects reloaded before import = 0
Number of asset objects unloaded after import = 3
========================================================================
Received Import Request.
  Time since last request: 0.000022 seconds.
  path: Assets/Tiles/floor and walls spritesheet_20.asset
  artifactKey: Guid(0f58bbc9a88cefa4fa9cccfc78485b1d) Importer(815301076,1909f56bfc062723c751e8b465ee728b)
Start importing Assets/Tiles/floor and walls spritesheet_20.asset using Guid(0f58bbc9a88cefa4fa9cccfc78485b1d) Importer(815301076,1909f56bfc062723c751e8b465ee728b)  -> (artifact id: 'fe5e57f26210160bb4dbb45b22aedd5c') in 0.019179 seconds
Number of updated asset objects reloaded before import = 0
Number of asset objects unloaded after import = 3
========================================================================
Received Import Request.
  Time since last request: 0.000038 seconds.
  path: Assets/Tiles/floor and walls spritesheet_30.asset
  artifactKey: Guid(329e1154988db264e924822143d8ee65) Importer(815301076,1909f56bfc062723c751e8b465ee728b)
Start importing Assets/Tiles/floor and walls spritesheet_30.asset using Guid(329e1154988db264e924822143d8ee65) Importer(815301076,1909f56bfc062723c751e8b465ee728b)  -> (artifact id: 'b517cba12add390eb1abdefa35c4bd95') in 0.018985 seconds
Number of updated asset objects reloaded before import = 0
Number of asset objects unloaded after import = 3
========================================================================
Received Import Request.
  Time since last request: 0.000019 seconds.
  path: Assets/Tiles/floor and walls spritesheet_46.asset
  artifactKey: Guid(5e204000b290d124680982dab839a069) Importer(815301076,1909f56bfc062723c751e8b465ee728b)
Start importing Assets/Tiles/floor and walls spritesheet_46.asset using Guid(5e204000b290d124680982dab839a069) Importer(815301076,1909f56bfc062723c751e8b465ee728b)  -> (artifact id: 'fb0ef0ef0551a68d5adf4999f7e44d2d') in 0.016176 seconds
Number of updated asset objects reloaded before import = 0
Number of asset objects unloaded after import = 3
========================================================================
Received Import Request.
  Time since last request: 0.000023 seconds.
  path: Assets/Tiles/floor and walls spritesheet_16.asset
  artifactKey: Guid(91bcd3fece121a1459e5e4746067750b) Importer(815301076,1909f56bfc062723c751e8b465ee728b)
Start importing Assets/Tiles/floor and walls spritesheet_16.asset using Guid(91bcd3fece121a1459e5e4746067750b) Importer(815301076,1909f56bfc062723c751e8b465ee728b)  -> (artifact id: 'fe1184874c452f4d61fd73463decbbb3') in 0.016583 seconds
Number of updated asset objects reloaded before import = 0
Number of asset objects unloaded after import = 3
========================================================================
Received Import Request.
  Time since last request: 0.000038 seconds.
  path: Assets/Tiles/floor and walls spritesheet_21.asset
  artifactKey: Guid(236396a59c1098a4eb72a337494d3d48) Importer(815301076,1909f56bfc062723c751e8b465ee728b)
Start importing Assets/Tiles/floor and walls spritesheet_21.asset using Guid(236396a59c1098a4eb72a337494d3d48) Importer(815301076,1909f56bfc062723c751e8b465ee728b)  -> (artifact id: 'c0901ab01a4f28692ac2f9b302637b0f') in 0.018922 seconds
Number of updated asset objects reloaded before import = 0
Number of asset objects unloaded after import = 3
========================================================================
Received Import Request.
  Time since last request: 0.000021 seconds.
  path: Assets/Tiles/floor and walls spritesheet_12.asset
  artifactKey: Guid(95bd4fb5fd08c444ca638f9f1036e22a) Importer(815301076,1909f56bfc062723c751e8b465ee728b)
Start importing Assets/Tiles/floor and walls spritesheet_12.asset using Guid(95bd4fb5fd08c444ca638f9f1036e22a) Importer(815301076,1909f56bfc062723c751e8b465ee728b)  -> (artifact id: '0a38c85a0857820ee1d998e7c7823c78') in 0.015202 seconds
Number of updated asset objects reloaded before import = 0
Number of asset objects unloaded after import = 3
========================================================================
Received Import Request.
  Time since last request: 0.000028 seconds.
  path: Assets/Tiles/floor and walls spritesheet_11.asset
  artifactKey: Guid(268ee53d4822a814fabb3df9372ea5fb) Importer(815301076,1909f56bfc062723c751e8b465ee728b)
Start importing Assets/Tiles/floor and walls spritesheet_11.asset using Guid(268ee53d4822a814fabb3df9372ea5fb) Importer(815301076,1909f56bfc062723c751e8b465ee728b)  -> (artifact id: 'b27e92d656309e71fbbed11a4c345222') in 0.016005 seconds
Number of updated asset objects reloaded before import = 0
Number of asset objects unloaded after import = 3
========================================================================
Received Import Request.
  Time since last request: 0.000024 seconds.
  path: Assets/Tiles/floor and walls spritesheet_44.asset
  artifactKey: Guid(f294fb505b0792c43babc83d23b848b7) Importer(815301076,1909f56bfc062723c751e8b465ee728b)
Start importing Assets/Tiles/floor and walls spritesheet_44.asset using Guid(f294fb505b0792c43babc83d23b848b7) Importer(815301076,1909f56bfc062723c751e8b465ee728b)  -> (artifact id: 'ec24b0ce11050c4df461a19f4e8a80bf') in 0.016373 seconds
Number of updated asset objects reloaded before import = 0
Number of asset objects unloaded after import = 3
========================================================================
Received Import Request.
  Time since last request: 0.000028 seconds.
  path: Assets/Tiles/floor and walls spritesheet_50.asset
  artifactKey: Guid(8adef8b99ba7695458805ecd20e39b91) Importer(815301076,1909f56bfc062723c751e8b465ee728b)
Start importing Assets/Tiles/floor and walls spritesheet_50.asset using Guid(8adef8b99ba7695458805ecd20e39b91) Importer(815301076,1909f56bfc062723c751e8b465ee728b)  -> (artifact id: 'd551525519df039a13f98aedb42e0bc1') in 0.016078 seconds
Number of updated asset objects reloaded before import = 0
Number of asset objects unloaded after import = 3
========================================================================
Received Import Request.
  Time since last request: 0.000019 seconds.
  path: Assets/Tiles/floor and walls spritesheet_37.asset
  artifactKey: Guid(7cdc094ae759286449fcc3dc211e475b) Importer(815301076,1909f56bfc062723c751e8b465ee728b)
Start importing Assets/Tiles/floor and walls spritesheet_37.asset using Guid(7cdc094ae759286449fcc3dc211e475b) Importer(815301076,1909f56bfc062723c751e8b465ee728b)  -> (artifact id: '8276bd132e7cf014ea6fca9ec472e70d') in 0.020807 seconds
Number of updated asset objects reloaded before import = 0
Number of asset objects unloaded after import = 3
========================================================================
Received Import Request.
  Time since last request: 0.000027 seconds.
  path: Assets/Tiles/floor and walls spritesheet_25.asset
  artifactKey: Guid(466d0e3641cb9aa44af7a85d9e342e74) Importer(815301076,1909f56bfc062723c751e8b465ee728b)
Start importing Assets/Tiles/floor and walls spritesheet_25.asset using Guid(466d0e3641cb9aa44af7a85d9e342e74) Importer(815301076,1909f56bfc062723c751e8b465ee728b)  -> (artifact id: 'b0ffacda9484dee6fd88e8e128100c53') in 0.015633 seconds
Number of updated asset objects reloaded before import = 0
Number of asset objects unloaded after import = 3
========================================================================
Received Import Request.
  Time since last request: 0.000043 seconds.
  path: Assets/Tiles/floor and walls spritesheet_9.asset
  artifactKey: Guid(f6e41de657c99194ca6752c49f6a6825) Importer(815301076,1909f56bfc062723c751e8b465ee728b)
Start importing Assets/Tiles/floor and walls spritesheet_9.asset using Guid(f6e41de657c99194ca6752c49f6a6825) Importer(815301076,1909f56bfc062723c751e8b465ee728b)  -> (artifact id: '9d1d9ebc55e484dd176747bcc96b03c8') in 0.014915 seconds
Number of updated asset objects reloaded before import = 0
Number of asset objects unloaded after import = 3
========================================================================
Received Import Request.
  Time since last request: 0.000023 seconds.
  path: Assets/Tiles/floor and walls spritesheet_3.asset
  artifactKey: Guid(7bf4da5a1156f3e46bf820dbccd98717) Importer(815301076,1909f56bfc062723c751e8b465ee728b)
Start importing Assets/Tiles/floor and walls spritesheet_3.asset using Guid(7bf4da5a1156f3e46bf820dbccd98717) Importer(815301076,1909f56bfc062723c751e8b465ee728b)  -> (artifact id: '6b3c42f0907b4597b136049ceaf39d29') in 0.015675 seconds
Number of updated asset objects reloaded before import = 0
Number of asset objects unloaded after import = 3
========================================================================
Received Import Request.
  Time since last request: 0.000026 seconds.
  path: Assets/Tiles/floor and walls spritesheet_34.asset
  artifactKey: Guid(d8d7a423305325844913ae1f8b6c57ea) Importer(815301076,1909f56bfc062723c751e8b465ee728b)
Start importing Assets/Tiles/floor and walls spritesheet_34.asset using Guid(d8d7a423305325844913ae1f8b6c57ea) Importer(815301076,1909f56bfc062723c751e8b465ee728b)  -> (artifact id: 'f8aa948cc7da174d956e5b68571d0a45') in 0.013887 seconds
Number of updated asset objects reloaded before import = 0
Number of asset objects unloaded after import = 3
========================================================================
Received Import Request.
  Time since last request: 0.000025 seconds.
  path: Assets/Tiles/floor and walls spritesheet_40.asset
  artifactKey: Guid(8f9cdc2bc1d88a9409ae1c235d577e56) Importer(815301076,1909f56bfc062723c751e8b465ee728b)
Start importing Assets/Tiles/floor and walls spritesheet_40.asset using Guid(8f9cdc2bc1d88a9409ae1c235d577e56) Importer(815301076,1909f56bfc062723c751e8b465ee728b)  -> (artifact id: '5afd302ad00cd53de5f5fbf49ba84d46') in 0.013968 seconds
Number of updated asset objects reloaded before import = 0
Number of asset objects unloaded after import = 3
Editor requested this worker to shutdown with reason: Scaling down because of idle timeout
TcpMessagingSession - receive error: operation aborted. errorcode: 995, details: The I/O operation has been aborted because of either a thread exit or an application request.
AssetImportWorker is now disconnected from the server
Process exiting
Exiting without the bug reporter. Application will terminate with return code 0