Using pre-set license
Built from '2022.3/staging' branch; Version is '2022.3.17f1 (4fc78088f837) revision 5228416'; Using compiler version '192829333'; Build Type 'Release'
OS: 'Windows 11  (10.0.22631) 64bit Core' Language: 'en' Physical Memory: 16236 MB
BatchMode: 1, IsHumanControllingUs: 0, StartBugReporterOnCrash: 0, Is64bit: 1, IsPro: 1

COMMAND LINE ARGUMENTS:
C:\Program Files\Unity\Hub\Editor\2022.3.17f1\Editor\Unity.exe
-adb2
-batchMode
-noUpm
-name
AssetImportWorker2
-projectPath
C:/Users/Lydia/Documents/GitHub/CS4423-VideoGameProject/CS4423-GenghisHouseOdyssey
-logFile
Logs/AssetImportWorker2.log
-srvPort
62156
Successfully changed project path to: C:/Users/Lydia/Documents/GitHub/CS4423-VideoGameProject/CS4423-GenghisHouseOdyssey
C:/Users/Lydia/Documents/GitHub/CS4423-VideoGameProject/CS4423-GenghisHouseOdyssey
[UnityMemory] Configuration Parameters - Can be set up in boot.config
    "memorysetup-bucket-allocator-granularity=16"
    "memorysetup-bucket-allocator-bucket-count=8"
    "memorysetup-bucket-allocator-block-size=33554432"
    "memorysetup-bucket-allocator-block-count=8"
    "memorysetup-main-allocator-block-size=16777216"
    "memorysetup-thread-allocator-block-size=16777216"
    "memorysetup-gfx-main-allocator-block-size=16777216"
    "memorysetup-gfx-thread-allocator-block-size=16777216"
    "memorysetup-cache-allocator-block-size=4194304"
    "memorysetup-typetree-allocator-block-size=2097152"
    "memorysetup-profiler-bucket-allocator-granularity=16"
    "memorysetup-profiler-bucket-allocator-bucket-count=8"
    "memorysetup-profiler-bucket-allocator-block-size=33554432"
    "memorysetup-profiler-bucket-allocator-block-count=8"
    "memorysetup-profiler-allocator-block-size=16777216"
    "memorysetup-profiler-editor-allocator-block-size=1048576"
    "memorysetup-temp-allocator-size-main=16777216"
    "memorysetup-job-temp-allocator-block-size=2097152"
    "memorysetup-job-temp-allocator-block-size-background=1048576"
    "memorysetup-job-temp-allocator-reduction-small-platforms=262144"
    "memorysetup-allocator-temp-initial-block-size-main=262144"
    "memorysetup-allocator-temp-initial-block-size-worker=262144"
    "memorysetup-temp-allocator-size-background-worker=32768"
    "memorysetup-temp-allocator-size-job-worker=262144"
    "memorysetup-temp-allocator-size-preload-manager=33554432"
    "memorysetup-temp-allocator-size-nav-mesh-worker=65536"
    "memorysetup-temp-allocator-size-audio-worker=65536"
    "memorysetup-temp-allocator-size-cloud-worker=32768"
    "memorysetup-temp-allocator-size-gi-baking-worker=262144"
    "memorysetup-temp-allocator-size-gfx=262144"
Player connection [21456] Host "[IP] 192.168.1.253 [Port] 0 [Flags] 2 [Guid] 3283581833 [EditorId] 3283581833 [Version] 1048832 [Id] WindowsEditor(7,foxyCleopatra) [Debug] 1 [PackageName] WindowsEditor [ProjectName] Editor" joined multi-casting on [225.0.0.222:54997]...

Player connection [21456] Host "[IP] 192.168.1.253 [Port] 0 [Flags] 2 [Guid] 3283581833 [EditorId] 3283581833 [Version] 1048832 [Id] WindowsEditor(7,foxyCleopatra) [Debug] 1 [PackageName] WindowsEditor [ProjectName] Editor" joined alternative multi-casting on [225.0.0.222:34997]...

[Physics::Module] Initialized MultithreadedJobDispatcher with 15 workers.
Refreshing native plugins compatible for Editor in 11.15 ms, found 4 plugins.
Preloading 0 native plugins for Editor in 0.00 ms.
Initialize engine version: 2022.3.17f1 (4fc78088f837)
[Subsystems] Discovering subsystems at path C:/Program Files/Unity/Hub/Editor/2022.3.17f1/Editor/Data/Resources/UnitySubsystems
[Subsystems] Discovering subsystems at path C:/Users/Lydia/Documents/GitHub/CS4423-VideoGameProject/CS4423-GenghisHouseOdyssey/Assets
GfxDevice: creating device client; threaded=0; jobified=0
Direct3D:
    Version:  Direct3D 11.0 [level 11.1]
    Renderer: NVIDIA GeForce RTX 3050 Laptop GPU (ID=0x25e2)
    Vendor:   NVIDIA
    VRAM:     3991 MB
    Driver:   30.0.15.1236
Initialize mono
Mono path[0] = 'C:/Program Files/Unity/Hub/Editor/2022.3.17f1/Editor/Data/Managed'
Mono path[1] = 'C:/Program Files/Unity/Hub/Editor/2022.3.17f1/Editor/Data/MonoBleedingEdge/lib/mono/unityjit-win32'
Mono config path = 'C:/Program Files/Unity/Hub/Editor/2022.3.17f1/Editor/Data/MonoBleedingEdge/etc'
Using monoOptions --debugger-agent=transport=dt_socket,embedding=1,server=y,suspend=n,address=127.0.0.1:56196
Begin MonoManager ReloadAssembly
Registering precompiled unity dll's ...
Register platform support module: C:/Program Files/Unity/Hub/Editor/2022.3.17f1/Editor/Data/PlaybackEngines/WebGLSupport/UnityEditor.WebGL.Extensions.dll
Register platform support module: C:/Program Files/Unity/Hub/Editor/2022.3.17f1/Editor/Data/PlaybackEngines/WindowsStandaloneSupport/UnityEditor.WindowsStandalone.Extensions.dll
Registered in 0.007371 seconds.
- Loaded All Assemblies, in  0.357 seconds
Native extension for WindowsStandalone target not found
Native extension for WebGL target not found
Mono: successfully reloaded assembly
- Finished resetting the current domain, in  0.291 seconds
Domain Reload Profiling: 647ms
	BeginReloadAssembly (104ms)
		ExecutionOrderSort (0ms)
		DisableScriptedObjects (0ms)
		BackupInstance (0ms)
		ReleaseScriptingObjects (0ms)
		CreateAndSetChildDomain (1ms)
	RebuildCommonClasses (36ms)
	RebuildNativeTypeToScriptingClass (10ms)
	initialDomainReloadingComplete (63ms)
	LoadAllAssembliesAndSetupDomain (142ms)
		LoadAssemblies (102ms)
		RebuildTransferFunctionScriptingTraits (0ms)
		AnalyzeDomain (140ms)
			TypeCache.Refresh (139ms)
				TypeCache.ScanAssembly (125ms)
			ScanForSourceGeneratedMonoScriptInfo (0ms)
			ResolveRequiredComponents (0ms)
	FinalizeReload (292ms)
		ReleaseScriptCaches (0ms)
		RebuildScriptCaches (0ms)
		SetupLoadedEditorAssemblies (234ms)
			LogAssemblyErrors (0ms)
			InitializePlatformSupportModulesInManaged (9ms)
			SetLoadedEditorAssemblies (6ms)
			RefreshPlugins (0ms)
			BeforeProcessingInitializeOnLoad (2ms)
			ProcessInitializeOnLoadAttributes (166ms)
			ProcessInitializeOnLoadMethodAttributes (50ms)
			AfterProcessingInitializeOnLoad (0ms)
			EditorAssembliesLoaded (0ms)
		ExecutionOrderSort2 (0ms)
		AwakeInstancesAfterBackupRestoration (0ms)
========================================================================
Worker process is ready to serve import requests
Begin MonoManager ReloadAssembly
- Loaded All Assemblies, in  0.733 seconds
Refreshing native plugins compatible for Editor in 4.67 ms, found 4 plugins.
Native extension for WindowsStandalone target not found
Native extension for WebGL target not found
Package Manager log level set to [2]
[Package Manager] Server::EnsureServerProcessIsRunning -- launch failed, reason: Unity was launched with the -noUpm command-line argument
[Package Manager] UpmClient::Send -- Unable to send message (not connected to UPM process).
[Package Manager] Cannot connect to Unity Package Manager local server
Mono: successfully reloaded assembly
- Finished resetting the current domain, in  0.669 seconds
Domain Reload Profiling: 1400ms
	BeginReloadAssembly (160ms)
		ExecutionOrderSort (0ms)
		DisableScriptedObjects (6ms)
		BackupInstance (0ms)
		ReleaseScriptingObjects (0ms)
		CreateAndSetChildDomain (24ms)
	RebuildCommonClasses (38ms)
	RebuildNativeTypeToScriptingClass (10ms)
	initialDomainReloadingComplete (43ms)
	LoadAllAssembliesAndSetupDomain (479ms)
		LoadAssemblies (352ms)
		RebuildTransferFunctionScriptingTraits (0ms)
		AnalyzeDomain (219ms)
			TypeCache.Refresh (186ms)
				TypeCache.ScanAssembly (165ms)
			ScanForSourceGeneratedMonoScriptInfo (27ms)
			ResolveRequiredComponents (5ms)
	FinalizeReload (670ms)
		ReleaseScriptCaches (0ms)
		RebuildScriptCaches (0ms)
		SetupLoadedEditorAssemblies (493ms)
			LogAssemblyErrors (0ms)
			InitializePlatformSupportModulesInManaged (7ms)
			SetLoadedEditorAssemblies (4ms)
			RefreshPlugins (0ms)
			BeforeProcessingInitializeOnLoad (74ms)
			ProcessInitializeOnLoadAttributes (357ms)
			ProcessInitializeOnLoadMethodAttributes (45ms)
			AfterProcessingInitializeOnLoad (6ms)
			EditorAssembliesLoaded (0ms)
		ExecutionOrderSort2 (0ms)
		AwakeInstancesAfterBackupRestoration (9ms)
Launched and connected shader compiler UnityShaderCompiler.exe after 0.07 seconds
Refreshing native plugins compatible for Editor in 6.28 ms, found 4 plugins.
Preloading 0 native plugins for Editor in 0.00 ms.
Unloading 4051 Unused Serialized files (Serialized files now loaded: 0)
Unloading 69 unused Assets / (198.5 KB). Loaded Objects now: 4509.
Memory consumption went from 149.6 MB to 149.4 MB.
Total: 3.962200 ms (FindLiveObjects: 0.311800 ms CreateObjectMapping: 0.241700 ms MarkObjects: 3.182600 ms  DeleteObjects: 0.225100 ms)

AssetImportParameters requested are different than current active one (requested -> active):
  custom:container-demuxer-ogg: 62fdf1f143b41e24485cea50d1cbac27 -> 
  custom:video-codec-MediaFoundation-h265: 746d11721c4dcdbdad8f713fa42b33f4 -> 
  custom:video-decoder-ogg-theora: a1e56fd34408186e4bbccfd4996cb3dc -> 
  custom:framework-win-MediaFoundation: 216162199b28c13a410421893ffa2e32 -> 
  custom:CustomObjectIndexerAttribute: 6d391050e5a25f67b0a2c618074f2cd9 -> 
  custom:container-demuxer-webm: 4f35f7cbe854078d1ac9338744f61a02 -> 
  custom:container-muxer-webm: aa71ff27fc2769a1b78a27578f13a17b -> 
  custom:video-decoder-webm-vp8: 9c59270c3fd7afecdb556c50c9e8de78 -> 
  custom:SearchIndexIgnoredProperties: e643bd26f0fe6173181afceb89e7c659 -> 
  custom:AudioImporter_EditorPlatform: d09bf68614088b80899f8185d706f6e7 -> 
  custom:video-encoder-webm-vp8: eb34c28f22e8b96e1ab97ce403110664 -> 
  custom:audio-decoder-ogg-vorbis: bf7c407c2cedff20999df2af8eb42d56 -> 
  custom:audio-encoder-webm-vorbis: bf7c407c2cedff20999df2af8eb42d56 -> 
========================================================================
Received Import Request.
  Time since last request: 702211.688021 seconds.
  path: Assets/Gothicvania-Town/Art/Sprites/hat-man-walk/hat-man-walk-1.png
  artifactKey: Guid(84c76ead687fd4774b85e6e8c56fe2b2) Importer(815301076,1909f56bfc062723c751e8b465ee728b)
Start importing Assets/Gothicvania-Town/Art/Sprites/hat-man-walk/hat-man-walk-1.png using Guid(84c76ead687fd4774b85e6e8c56fe2b2) Importer(815301076,1909f56bfc062723c751e8b465ee728b)  -> (artifact id: 'aec3afaeacf13801a454321ee05d4624') in 0.099901 seconds
Number of updated asset objects reloaded before import = 0
Number of asset objects unloaded after import = 3
========================================================================
Received Import Request.
  Time since last request: 1.932370 seconds.
  path: Assets/Gothicvania-Town/Art/Sprites/woman-idle/woman-idle-1.png
  artifactKey: Guid(9028111435c6746acb60089b99efcf8f) Importer(815301076,1909f56bfc062723c751e8b465ee728b)
Start importing Assets/Gothicvania-Town/Art/Sprites/woman-idle/woman-idle-1.png using Guid(9028111435c6746acb60089b99efcf8f) Importer(815301076,1909f56bfc062723c751e8b465ee728b)  -> (artifact id: '90113b363bf9c5147af211eaed2a6462') in 0.020866 seconds
Number of updated asset objects reloaded before import = 0
Number of asset objects unloaded after import = 3
========================================================================
Received Import Request.
  Time since last request: 0.000025 seconds.
  path: Assets/Gothicvania-Town/Art/Sprites/woman-idle/woman-idle-5.png
  artifactKey: Guid(e1eceae9a396141fdabdbc6e2b3e9ba8) Importer(815301076,1909f56bfc062723c751e8b465ee728b)
Start importing Assets/Gothicvania-Town/Art/Sprites/woman-idle/woman-idle-5.png using Guid(e1eceae9a396141fdabdbc6e2b3e9ba8) Importer(815301076,1909f56bfc062723c751e8b465ee728b)  -> (artifact id: 'bbdbf37d41fa60bc15ebfdc9b7fa6242') in 0.019961 seconds
Number of updated asset objects reloaded before import = 0
Number of asset objects unloaded after import = 3
========================================================================
Received Import Request.
  Time since last request: 0.000021 seconds.
  path: Assets/Gothicvania-Town/Art/Sprites/woman-idle/woman-idle-6.png
  artifactKey: Guid(757d77b4d88fb48ec99de71842408bb9) Importer(815301076,1909f56bfc062723c751e8b465ee728b)
Start importing Assets/Gothicvania-Town/Art/Sprites/woman-idle/woman-idle-6.png using Guid(757d77b4d88fb48ec99de71842408bb9) Importer(815301076,1909f56bfc062723c751e8b465ee728b)  -> (artifact id: 'eb5a0510e089a9cecc818de26759facc') in 0.019801 seconds
Number of updated asset objects reloaded before import = 0
Number of asset objects unloaded after import = 3
========================================================================
Received Import Request.
  Time since last request: 1.298835 seconds.
  path: Assets/Gothicvania-Town/Art/Sprites/woman-walk/woman-walk-1.png
  artifactKey: Guid(cf4eda157873a45cbba7857a92a403b8) Importer(815301076,1909f56bfc062723c751e8b465ee728b)
Start importing Assets/Gothicvania-Town/Art/Sprites/woman-walk/woman-walk-1.png using Guid(cf4eda157873a45cbba7857a92a403b8) Importer(815301076,1909f56bfc062723c751e8b465ee728b)  -> (artifact id: 'f3c6a8f0600849d141e6d93f49b8a6cf') in 0.021006 seconds
Number of updated asset objects reloaded before import = 0
Number of asset objects unloaded after import = 3
========================================================================
Received Import Request.
  Time since last request: 0.000023 seconds.
  path: Assets/Gothicvania-Town/Art/Sprites/woman-walk/woman-walk-6.png
  artifactKey: Guid(19c21e75775b54859a836682f7043799) Importer(815301076,1909f56bfc062723c751e8b465ee728b)
Start importing Assets/Gothicvania-Town/Art/Sprites/woman-walk/woman-walk-6.png using Guid(19c21e75775b54859a836682f7043799) Importer(815301076,1909f56bfc062723c751e8b465ee728b)  -> (artifact id: '0b229d3e771130e6ba07d5093cc35553') in 0.019307 seconds
Number of updated asset objects reloaded before import = 0
Number of asset objects unloaded after import = 3
========================================================================
Received Import Request.
  Time since last request: 46.994536 seconds.
  path: Assets/Gothicvania-Town/Animations/bearded-idle.anim
  artifactKey: Guid(f4eb954b664ef49d08e94e8cf6e1a49f) Importer(815301076,1909f56bfc062723c751e8b465ee728b)
Start importing Assets/Gothicvania-Town/Animations/bearded-idle.anim using Guid(f4eb954b664ef49d08e94e8cf6e1a49f) Importer(815301076,1909f56bfc062723c751e8b465ee728b)  -> (artifact id: 'b3b8f666c80fb6c2d5f96661b75e9d58') in 0.001140 seconds
Number of updated asset objects reloaded before import = 0
Number of asset objects unloaded after import = 1
========================================================================
Received Import Request.
  Time since last request: 14.606888 seconds.
  path: Assets/Gothicvania-Town/Art/Sprites/oldman-idle/oldman-idle-1.png
  artifactKey: Guid(8b2704248651b4c8c84168c5fe44bcf2) Importer(815301076,1909f56bfc062723c751e8b465ee728b)
Start importing Assets/Gothicvania-Town/Art/Sprites/oldman-idle/oldman-idle-1.png using Guid(8b2704248651b4c8c84168c5fe44bcf2) Importer(815301076,1909f56bfc062723c751e8b465ee728b)  -> (artifact id: 'bf6caf2e8b22542901d8c866ef82ec9c') in 0.022956 seconds
Number of updated asset objects reloaded before import = 0
Number of asset objects unloaded after import = 3
========================================================================
Received Import Request.
  Time since last request: 0.000017 seconds.
  path: Assets/Gothicvania-Town/Art/Sprites/oldman-walk/oldman-walk-4.png
  artifactKey: Guid(d136262f870d643ae973d5fc3eb3cb5c) Importer(815301076,1909f56bfc062723c751e8b465ee728b)
Start importing Assets/Gothicvania-Town/Art/Sprites/oldman-walk/oldman-walk-4.png using Guid(d136262f870d643ae973d5fc3eb3cb5c) Importer(815301076,1909f56bfc062723c751e8b465ee728b)  -> (artifact id: '366a0b2c4893eb370bdbe9c56d48a908') in 0.110676 seconds
Number of updated asset objects reloaded before import = 0
Number of asset objects unloaded after import = 3
========================================================================
Received Import Request.
  Time since last request: 0.000022 seconds.
  path: Assets/Gothicvania-Town/Art/Sprites/oldman-walk/oldman-walk-2.png
  artifactKey: Guid(ec34c9f71877249d7b1c48c192371ca8) Importer(815301076,1909f56bfc062723c751e8b465ee728b)
Start importing Assets/Gothicvania-Town/Art/Sprites/oldman-walk/oldman-walk-2.png using Guid(ec34c9f71877249d7b1c48c192371ca8) Importer(815301076,1909f56bfc062723c751e8b465ee728b)  -> (artifact id: '716f78be52170ff252c70b363d09876d') in 0.142111 seconds
Number of updated asset objects reloaded before import = 0
Number of asset objects unloaded after import = 3
========================================================================
Received Import Request.
  Time since last request: 0.000032 seconds.
  path: Assets/Gothicvania-Town/Art/Sprites/oldman-idle/oldman-idle-5.png
  artifactKey: Guid(b9f9b203297ca4faf905e9a37d6ed2ae) Importer(815301076,1909f56bfc062723c751e8b465ee728b)
Start importing Assets/Gothicvania-Town/Art/Sprites/oldman-idle/oldman-idle-5.png using Guid(b9f9b203297ca4faf905e9a37d6ed2ae) Importer(815301076,1909f56bfc062723c751e8b465ee728b)  -> (artifact id: '7817d5e31829ab79d759c4def467db43') in 0.020677 seconds
Number of updated asset objects reloaded before import = 0
Number of asset objects unloaded after import = 3
========================================================================
Received Import Request.
  Time since last request: 0.000027 seconds.
  path: Assets/Gothicvania-Town/Art/Sprites/oldman-walk/oldman-walk-7.png
  artifactKey: Guid(1ba454cc6912c474e8b75fb444a0d373) Importer(815301076,1909f56bfc062723c751e8b465ee728b)
Start importing Assets/Gothicvania-Town/Art/Sprites/oldman-walk/oldman-walk-7.png using Guid(1ba454cc6912c474e8b75fb444a0d373) Importer(815301076,1909f56bfc062723c751e8b465ee728b)  -> (artifact id: '6716e9d55b842c8e24b7bebbbeb27494') in 0.019979 seconds
Number of updated asset objects reloaded before import = 0
Number of asset objects unloaded after import = 3
========================================================================
Received Import Request.
  Time since last request: 0.000016 seconds.
  path: Assets/Gothicvania-Town/Art/Sprites/oldman-walk/oldman-walk-9.png
  artifactKey: Guid(60db1ae02c5fc49caa6d83f41db260d9) Importer(815301076,1909f56bfc062723c751e8b465ee728b)
Start importing Assets/Gothicvania-Town/Art/Sprites/oldman-walk/oldman-walk-9.png using Guid(60db1ae02c5fc49caa6d83f41db260d9) Importer(815301076,1909f56bfc062723c751e8b465ee728b)  -> (artifact id: '1afddfc90e89a475b629dc9b29e96908') in 0.019497 seconds
Number of updated asset objects reloaded before import = 0
Number of asset objects unloaded after import = 3
========================================================================
Received Import Request.
  Time since last request: 0.000024 seconds.
  path: Assets/Gothicvania-Town/Art/Sprites/oldman-walk/oldman-walk-3.png
  artifactKey: Guid(b11a774346f89422f94b677e29633e4a) Importer(815301076,1909f56bfc062723c751e8b465ee728b)
Start importing Assets/Gothicvania-Town/Art/Sprites/oldman-walk/oldman-walk-3.png using Guid(b11a774346f89422f94b677e29633e4a) Importer(815301076,1909f56bfc062723c751e8b465ee728b)  -> (artifact id: '9a74f5f501511f541cb0e673e0e0c398') in 0.019747 seconds
Number of updated asset objects reloaded before import = 0
Number of asset objects unloaded after import = 3
Editor requested this worker to shutdown with reason: Scaling down because of idle timeout
TcpMessagingSession - receive error: operation aborted. errorcode: 995, details: The I/O operation has been aborted because of either a thread exit or an application request.
AssetImportWorker is now disconnected from the server
Process exiting
Exiting without the bug reporter. Application will terminate with return code 0