Using pre-set license
Built from '2022.3/staging' branch; Version is '2022.3.17f1 (4fc78088f837) revision 5228416'; Using compiler version '192829333'; Build Type 'Release'
OS: 'Windows 11  (10.0.22631) 64bit Core' Language: 'en' Physical Memory: 16236 MB
BatchMode: 1, IsHumanControllingUs: 0, StartBugReporterOnCrash: 0, Is64bit: 1, IsPro: 1

COMMAND LINE ARGUMENTS:
C:\Program Files\Unity\Hub\Editor\2022.3.17f1\Editor\Unity.exe
-adb2
-batchMode
-noUpm
-name
AssetImportWorker4
-projectPath
C:/Users/Lydia/Documents/GitHub/CS4423-VideoGameProject/CS4423-GenghisHouseOdyssey
-logFile
Logs/AssetImportWorker4.log
-srvPort
51529
Successfully changed project path to: C:/Users/Lydia/Documents/GitHub/CS4423-VideoGameProject/CS4423-GenghisHouseOdyssey
C:/Users/Lydia/Documents/GitHub/CS4423-VideoGameProject/CS4423-GenghisHouseOdyssey
[UnityMemory] Configuration Parameters - Can be set up in boot.config
    "memorysetup-bucket-allocator-granularity=16"
    "memorysetup-bucket-allocator-bucket-count=8"
    "memorysetup-bucket-allocator-block-size=33554432"
    "memorysetup-bucket-allocator-block-count=8"
    "memorysetup-main-allocator-block-size=16777216"
    "memorysetup-thread-allocator-block-size=16777216"
    "memorysetup-gfx-main-allocator-block-size=16777216"
    "memorysetup-gfx-thread-allocator-block-size=16777216"
    "memorysetup-cache-allocator-block-size=4194304"
    "memorysetup-typetree-allocator-block-size=2097152"
    "memorysetup-profiler-bucket-allocator-granularity=16"
    "memorysetup-profiler-bucket-allocator-bucket-count=8"
    "memorysetup-profiler-bucket-allocator-block-size=33554432"
    "memorysetup-profiler-bucket-allocator-block-count=8"
    "memorysetup-profiler-allocator-block-size=16777216"
    "memorysetup-profiler-editor-allocator-block-size=1048576"
    "memorysetup-temp-allocator-size-main=16777216"
    "memorysetup-job-temp-allocator-block-size=2097152"
    "memorysetup-job-temp-allocator-block-size-background=1048576"
    "memorysetup-job-temp-allocator-reduction-small-platforms=262144"
    "memorysetup-allocator-temp-initial-block-size-main=262144"
    "memorysetup-allocator-temp-initial-block-size-worker=262144"
    "memorysetup-temp-allocator-size-background-worker=32768"
    "memorysetup-temp-allocator-size-job-worker=262144"
    "memorysetup-temp-allocator-size-preload-manager=33554432"
    "memorysetup-temp-allocator-size-nav-mesh-worker=65536"
    "memorysetup-temp-allocator-size-audio-worker=65536"
    "memorysetup-temp-allocator-size-cloud-worker=32768"
    "memorysetup-temp-allocator-size-gi-baking-worker=262144"
    "memorysetup-temp-allocator-size-gfx=262144"
Player connection [25500] Host "[IP] 192.168.1.253 [Port] 0 [Flags] 2 [Guid] 1114822264 [EditorId] 1114822264 [Version] 1048832 [Id] WindowsEditor(7,foxyCleopatra) [Debug] 1 [PackageName] WindowsEditor [ProjectName] Editor" joined multi-casting on [225.0.0.222:54997]...

Player connection [25500] Host "[IP] 192.168.1.253 [Port] 0 [Flags] 2 [Guid] 1114822264 [EditorId] 1114822264 [Version] 1048832 [Id] WindowsEditor(7,foxyCleopatra) [Debug] 1 [PackageName] WindowsEditor [ProjectName] Editor" joined alternative multi-casting on [225.0.0.222:34997]...

[Physics::Module] Initialized MultithreadedJobDispatcher with 15 workers.
Refreshing native plugins compatible for Editor in 11.09 ms, found 4 plugins.
Preloading 0 native plugins for Editor in 0.00 ms.
Initialize engine version: 2022.3.17f1 (4fc78088f837)
[Subsystems] Discovering subsystems at path C:/Program Files/Unity/Hub/Editor/2022.3.17f1/Editor/Data/Resources/UnitySubsystems
[Subsystems] Discovering subsystems at path C:/Users/Lydia/Documents/GitHub/CS4423-VideoGameProject/CS4423-GenghisHouseOdyssey/Assets
GfxDevice: creating device client; threaded=0; jobified=0
Direct3D:
    Version:  Direct3D 11.0 [level 11.1]
    Renderer: NVIDIA GeForce RTX 3050 Laptop GPU (ID=0x25e2)
    Vendor:   NVIDIA
    VRAM:     3991 MB
    Driver:   30.0.15.1236
Initialize mono
Mono path[0] = 'C:/Program Files/Unity/Hub/Editor/2022.3.17f1/Editor/Data/Managed'
Mono path[1] = 'C:/Program Files/Unity/Hub/Editor/2022.3.17f1/Editor/Data/MonoBleedingEdge/lib/mono/unityjit-win32'
Mono config path = 'C:/Program Files/Unity/Hub/Editor/2022.3.17f1/Editor/Data/MonoBleedingEdge/etc'
Using monoOptions --debugger-agent=transport=dt_socket,embedding=1,server=y,suspend=n,address=127.0.0.1:56836
Begin MonoManager ReloadAssembly
Registering precompiled unity dll's ...
Register platform support module: C:/Program Files/Unity/Hub/Editor/2022.3.17f1/Editor/Data/PlaybackEngines/WebGLSupport/UnityEditor.WebGL.Extensions.dll
Register platform support module: C:/Program Files/Unity/Hub/Editor/2022.3.17f1/Editor/Data/PlaybackEngines/WindowsStandaloneSupport/UnityEditor.WindowsStandalone.Extensions.dll
Registered in 0.007751 seconds.
- Loaded All Assemblies, in  0.391 seconds
Native extension for WindowsStandalone target not found
Native extension for WebGL target not found
Mono: successfully reloaded assembly
- Finished resetting the current domain, in  0.319 seconds
Domain Reload Profiling: 709ms
	BeginReloadAssembly (121ms)
		ExecutionOrderSort (0ms)
		DisableScriptedObjects (0ms)
		BackupInstance (0ms)
		ReleaseScriptingObjects (0ms)
		CreateAndSetChildDomain (1ms)
	RebuildCommonClasses (38ms)
	RebuildNativeTypeToScriptingClass (11ms)
	initialDomainReloadingComplete (63ms)
	LoadAllAssembliesAndSetupDomain (156ms)
		LoadAssemblies (119ms)
		RebuildTransferFunctionScriptingTraits (0ms)
		AnalyzeDomain (155ms)
			TypeCache.Refresh (153ms)
				TypeCache.ScanAssembly (138ms)
			ScanForSourceGeneratedMonoScriptInfo (1ms)
			ResolveRequiredComponents (1ms)
	FinalizeReload (319ms)
		ReleaseScriptCaches (0ms)
		RebuildScriptCaches (0ms)
		SetupLoadedEditorAssemblies (254ms)
			LogAssemblyErrors (0ms)
			InitializePlatformSupportModulesInManaged (11ms)
			SetLoadedEditorAssemblies (6ms)
			RefreshPlugins (0ms)
			BeforeProcessingInitializeOnLoad (2ms)
			ProcessInitializeOnLoadAttributes (179ms)
			ProcessInitializeOnLoadMethodAttributes (56ms)
			AfterProcessingInitializeOnLoad (0ms)
			EditorAssembliesLoaded (0ms)
		ExecutionOrderSort2 (0ms)
		AwakeInstancesAfterBackupRestoration (0ms)
========================================================================
Worker process is ready to serve import requests
Begin MonoManager ReloadAssembly
- Loaded All Assemblies, in  0.614 seconds
Refreshing native plugins compatible for Editor in 4.41 ms, found 4 plugins.
Native extension for WindowsStandalone target not found
Native extension for WebGL target not found
Package Manager log level set to [2]
[Package Manager] Server::EnsureServerProcessIsRunning -- launch failed, reason: Unity was launched with the -noUpm command-line argument
[Package Manager] UpmClient::Send -- Unable to send message (not connected to UPM process).
[Package Manager] Cannot connect to Unity Package Manager local server
Mono: successfully reloaded assembly
- Finished resetting the current domain, in  0.662 seconds
Domain Reload Profiling: 1274ms
	BeginReloadAssembly (141ms)
		ExecutionOrderSort (0ms)
		DisableScriptedObjects (7ms)
		BackupInstance (0ms)
		ReleaseScriptingObjects (0ms)
		CreateAndSetChildDomain (23ms)
	RebuildCommonClasses (29ms)
	RebuildNativeTypeToScriptingClass (9ms)
	initialDomainReloadingComplete (42ms)
	LoadAllAssembliesAndSetupDomain (390ms)
		LoadAssemblies (287ms)
		RebuildTransferFunctionScriptingTraits (0ms)
		AnalyzeDomain (176ms)
			TypeCache.Refresh (149ms)
				TypeCache.ScanAssembly (133ms)
			ScanForSourceGeneratedMonoScriptInfo (22ms)
			ResolveRequiredComponents (4ms)
	FinalizeReload (663ms)
		ReleaseScriptCaches (0ms)
		RebuildScriptCaches (0ms)
		SetupLoadedEditorAssemblies (500ms)
			LogAssemblyErrors (0ms)
			InitializePlatformSupportModulesInManaged (7ms)
			SetLoadedEditorAssemblies (3ms)
			RefreshPlugins (0ms)
			BeforeProcessingInitializeOnLoad (75ms)
			ProcessInitializeOnLoadAttributes (374ms)
			ProcessInitializeOnLoadMethodAttributes (36ms)
			AfterProcessingInitializeOnLoad (5ms)
			EditorAssembliesLoaded (0ms)
		ExecutionOrderSort2 (0ms)
		AwakeInstancesAfterBackupRestoration (7ms)
Launched and connected shader compiler UnityShaderCompiler.exe after 0.06 seconds
Refreshing native plugins compatible for Editor in 6.28 ms, found 4 plugins.
Preloading 0 native plugins for Editor in 0.00 ms.
Unloading 4044 Unused Serialized files (Serialized files now loaded: 0)
Unloading 70 unused Assets / (244.7 KB). Loaded Objects now: 4501.
Memory consumption went from 149.4 MB to 149.2 MB.
Total: 3.698500 ms (FindLiveObjects: 0.434800 ms CreateObjectMapping: 0.213000 ms MarkObjects: 2.837400 ms  DeleteObjects: 0.212500 ms)

AssetImportParameters requested are different than current active one (requested -> active):
  custom:container-demuxer-ogg: 62fdf1f143b41e24485cea50d1cbac27 -> 
  custom:video-codec-MediaFoundation-h265: 746d11721c4dcdbdad8f713fa42b33f4 -> 
  custom:video-decoder-ogg-theora: a1e56fd34408186e4bbccfd4996cb3dc -> 
  custom:framework-win-MediaFoundation: 216162199b28c13a410421893ffa2e32 -> 
  custom:CustomObjectIndexerAttribute: 6d391050e5a25f67b0a2c618074f2cd9 -> 
  custom:container-demuxer-webm: 4f35f7cbe854078d1ac9338744f61a02 -> 
  custom:container-muxer-webm: aa71ff27fc2769a1b78a27578f13a17b -> 
  custom:video-decoder-webm-vp8: 9c59270c3fd7afecdb556c50c9e8de78 -> 
  custom:SearchIndexIgnoredProperties: e643bd26f0fe6173181afceb89e7c659 -> 
  custom:AudioImporter_EditorPlatform: d09bf68614088b80899f8185d706f6e7 -> 
  custom:video-encoder-webm-vp8: eb34c28f22e8b96e1ab97ce403110664 -> 
  custom:audio-decoder-ogg-vorbis: bf7c407c2cedff20999df2af8eb42d56 -> 
  custom:audio-encoder-webm-vorbis: bf7c407c2cedff20999df2af8eb42d56 -> 
========================================================================
Received Import Request.
  Time since last request: 19232.507907 seconds.
  path: Assets/Sprites/House/floor and walls spritesheet_22.asset
  artifactKey: Guid(ad6a2318df432f141a56764ccdb524ba) Importer(815301076,1909f56bfc062723c751e8b465ee728b)
Start importing Assets/Sprites/House/floor and walls spritesheet_22.asset using Guid(ad6a2318df432f141a56764ccdb524ba) Importer(815301076,1909f56bfc062723c751e8b465ee728b)  -> (artifact id: 'e0f852121aa33c360c7d7cd9117b814e') in 0.157029 seconds
Number of updated asset objects reloaded before import = 0
Number of asset objects unloaded after import = 3
========================================================================
Received Import Request.
  Time since last request: 0.000023 seconds.
  path: Assets/Sprites/House/floor and walls spritesheet_43.asset
  artifactKey: Guid(203d1b5c1ed61fb4686baae185cd99fe) Importer(815301076,1909f56bfc062723c751e8b465ee728b)
Start importing Assets/Sprites/House/floor and walls spritesheet_43.asset using Guid(203d1b5c1ed61fb4686baae185cd99fe) Importer(815301076,1909f56bfc062723c751e8b465ee728b)  -> (artifact id: '08664e1744865177c31980850b1fb1c5') in 0.033053 seconds
Number of updated asset objects reloaded before import = 0
Number of asset objects unloaded after import = 3
========================================================================
Received Import Request.
  Time since last request: 0.000030 seconds.
  path: Assets/Sprites/House/floor and walls spritesheet_38.asset
  artifactKey: Guid(748c4916f64f35a479694018b41aa086) Importer(815301076,1909f56bfc062723c751e8b465ee728b)
Start importing Assets/Sprites/House/floor and walls spritesheet_38.asset using Guid(748c4916f64f35a479694018b41aa086) Importer(815301076,1909f56bfc062723c751e8b465ee728b)  -> (artifact id: '7a3dc669629a0d4ccaa2b88f81b0d458') in 0.012319 seconds
Number of updated asset objects reloaded before import = 0
Number of asset objects unloaded after import = 3
========================================================================
Received Import Request.
  Time since last request: 0.000023 seconds.
  path: Assets/Sprites/House/floor and walls spritesheet_44.asset
  artifactKey: Guid(5ab49da21464f3849b9f42e9db038d7e) Importer(815301076,1909f56bfc062723c751e8b465ee728b)
Start importing Assets/Sprites/House/floor and walls spritesheet_44.asset using Guid(5ab49da21464f3849b9f42e9db038d7e) Importer(815301076,1909f56bfc062723c751e8b465ee728b)  -> (artifact id: '989f548dc385268fe9f638ff9029fb3b') in 0.012124 seconds
Number of updated asset objects reloaded before import = 0
Number of asset objects unloaded after import = 3
========================================================================
Received Import Request.
  Time since last request: 0.000018 seconds.
  path: Assets/Sprites/House/floor and walls spritesheet_46.asset
  artifactKey: Guid(6863151ca063f6d4498a6d7fb6e0de13) Importer(815301076,1909f56bfc062723c751e8b465ee728b)
Start importing Assets/Sprites/House/floor and walls spritesheet_46.asset using Guid(6863151ca063f6d4498a6d7fb6e0de13) Importer(815301076,1909f56bfc062723c751e8b465ee728b)  -> (artifact id: '95d190ede5e472bddaad13e3f63a07dd') in 0.013931 seconds
Number of updated asset objects reloaded before import = 0
Number of asset objects unloaded after import = 3
========================================================================
Received Import Request.
  Time since last request: 0.000018 seconds.
  path: Assets/Sprites/House/floor and walls spritesheet_35.asset
  artifactKey: Guid(129e276bbcdc9244ea306f96dcffb012) Importer(815301076,1909f56bfc062723c751e8b465ee728b)
Start importing Assets/Sprites/House/floor and walls spritesheet_35.asset using Guid(129e276bbcdc9244ea306f96dcffb012) Importer(815301076,1909f56bfc062723c751e8b465ee728b)  -> (artifact id: '5c72599cf25cb072a724336a49f7a7b4') in 0.011997 seconds
Number of updated asset objects reloaded before import = 0
Number of asset objects unloaded after import = 3
========================================================================
Received Import Request.
  Time since last request: 0.000023 seconds.
  path: Assets/Sprites/House/floor and walls spritesheet_31.asset
  artifactKey: Guid(eb574578e290b03418a8b036520a2ca6) Importer(815301076,1909f56bfc062723c751e8b465ee728b)
Start importing Assets/Sprites/House/floor and walls spritesheet_31.asset using Guid(eb574578e290b03418a8b036520a2ca6) Importer(815301076,1909f56bfc062723c751e8b465ee728b)  -> (artifact id: 'a5acb23471a7f122179d2f3c3cfb7194') in 0.013013 seconds
Number of updated asset objects reloaded before import = 0
Number of asset objects unloaded after import = 3
========================================================================
Received Import Request.
  Time since last request: 31.756957 seconds.
  path: Assets/Tiles/HouseInteriorPallet.prefab
  artifactKey: Guid(fbb8fa063340f4743b9a7725d31afccb) Importer(815301076,1909f56bfc062723c751e8b465ee728b)
Start importing Assets/Tiles/HouseInteriorPallet.prefab using Guid(fbb8fa063340f4743b9a7725d31afccb) Importer(815301076,1909f56bfc062723c751e8b465ee728b)  -> (artifact id: 'edf163333f78b49a31d3bd2ddda16644') in 0.087850 seconds
Number of updated asset objects reloaded before import = 0
Number of asset objects unloaded after import = 329
========================================================================
Received Import Request.
  Time since last request: 34.603630 seconds.
  path: Assets/Sprites/House/floor and walls spritesheet_67.asset
  artifactKey: Guid(832697d5a00d86f459d64a2a14d0c285) Importer(815301076,1909f56bfc062723c751e8b465ee728b)
Start importing Assets/Sprites/House/floor and walls spritesheet_67.asset using Guid(832697d5a00d86f459d64a2a14d0c285) Importer(815301076,1909f56bfc062723c751e8b465ee728b)  -> (artifact id: 'bf912ff4f320abeb2ffd1cc1dd60ac9b') in 0.010435 seconds
Number of updated asset objects reloaded before import = 0
Number of asset objects unloaded after import = 3
========================================================================
Received Import Request.
  Time since last request: 6.929983 seconds.
  path: Assets/Sprites/House/floor and walls spritesheet_68.asset
  artifactKey: Guid(881bae6bc88d6514889e3d2e38b603c1) Importer(815301076,1909f56bfc062723c751e8b465ee728b)
Start importing Assets/Sprites/House/floor and walls spritesheet_68.asset using Guid(881bae6bc88d6514889e3d2e38b603c1) Importer(815301076,1909f56bfc062723c751e8b465ee728b)  -> (artifact id: '5ab7871c3c15cc0a9c79e5b273edb496') in 0.013288 seconds
Number of updated asset objects reloaded before import = 0
Number of asset objects unloaded after import = 3
========================================================================
Received Import Request.
  Time since last request: 3.224025 seconds.
  path: Assets/Sprites/House/floor and walls spritesheet_158.asset
  artifactKey: Guid(29ef0c04e169dfd40867ffae437acfb8) Importer(815301076,1909f56bfc062723c751e8b465ee728b)
Start importing Assets/Sprites/House/floor and walls spritesheet_158.asset using Guid(29ef0c04e169dfd40867ffae437acfb8) Importer(815301076,1909f56bfc062723c751e8b465ee728b)  -> (artifact id: 'd7cd56f82e67babdbc9b877dbc77e482') in 0.010329 seconds
Number of updated asset objects reloaded before import = 0
Number of asset objects unloaded after import = 3
