Using pre-set license
Built from '2022.3/staging' branch; Version is '2022.3.17f1 (4fc78088f837) revision 5228416'; Using compiler version '192829333'; Build Type 'Release'
OS: 'Windows 11  (10.0.22631) 64bit Core' Language: 'en' Physical Memory: 16236 MB
BatchMode: 1, IsHumanControllingUs: 0, StartBugReporterOnCrash: 0, Is64bit: 1, IsPro: 1

COMMAND LINE ARGUMENTS:
C:\Program Files\Unity\Hub\Editor\2022.3.17f1\Editor\Unity.exe
-adb2
-batchMode
-noUpm
-name
AssetImportWorker0
-projectPath
C:/Users/Lydia/Documents/GitHub/CS4423-VideoGameProject/CS4423-GenghisHouseOdyssey
-logFile
Logs/AssetImportWorker0.log
-srvPort
56502
Successfully changed project path to: C:/Users/Lydia/Documents/GitHub/CS4423-VideoGameProject/CS4423-GenghisHouseOdyssey
C:/Users/Lydia/Documents/GitHub/CS4423-VideoGameProject/CS4423-GenghisHouseOdyssey
[UnityMemory] Configuration Parameters - Can be set up in boot.config
    "memorysetup-bucket-allocator-granularity=16"
    "memorysetup-bucket-allocator-bucket-count=8"
    "memorysetup-bucket-allocator-block-size=33554432"
    "memorysetup-bucket-allocator-block-count=8"
    "memorysetup-main-allocator-block-size=16777216"
    "memorysetup-thread-allocator-block-size=16777216"
    "memorysetup-gfx-main-allocator-block-size=16777216"
    "memorysetup-gfx-thread-allocator-block-size=16777216"
    "memorysetup-cache-allocator-block-size=4194304"
    "memorysetup-typetree-allocator-block-size=2097152"
    "memorysetup-profiler-bucket-allocator-granularity=16"
    "memorysetup-profiler-bucket-allocator-bucket-count=8"
    "memorysetup-profiler-bucket-allocator-block-size=33554432"
    "memorysetup-profiler-bucket-allocator-block-count=8"
    "memorysetup-profiler-allocator-block-size=16777216"
    "memorysetup-profiler-editor-allocator-block-size=1048576"
    "memorysetup-temp-allocator-size-main=16777216"
    "memorysetup-job-temp-allocator-block-size=2097152"
    "memorysetup-job-temp-allocator-block-size-background=1048576"
    "memorysetup-job-temp-allocator-reduction-small-platforms=262144"
    "memorysetup-allocator-temp-initial-block-size-main=262144"
    "memorysetup-allocator-temp-initial-block-size-worker=262144"
    "memorysetup-temp-allocator-size-background-worker=32768"
    "memorysetup-temp-allocator-size-job-worker=262144"
    "memorysetup-temp-allocator-size-preload-manager=33554432"
    "memorysetup-temp-allocator-size-nav-mesh-worker=65536"
    "memorysetup-temp-allocator-size-audio-worker=65536"
    "memorysetup-temp-allocator-size-cloud-worker=32768"
    "memorysetup-temp-allocator-size-gi-baking-worker=262144"
    "memorysetup-temp-allocator-size-gfx=262144"
Player connection [16648] Host "[IP] 192.168.1.253 [Port] 0 [Flags] 2 [Guid] 377534958 [EditorId] 377534958 [Version] 1048832 [Id] WindowsEditor(7,foxyCleopatra) [Debug] 1 [PackageName] WindowsEditor [ProjectName] Editor" joined multi-casting on [225.0.0.222:54997]...

Player connection [16648] Host "[IP] 192.168.1.253 [Port] 0 [Flags] 2 [Guid] 377534958 [EditorId] 377534958 [Version] 1048832 [Id] WindowsEditor(7,foxyCleopatra) [Debug] 1 [PackageName] WindowsEditor [ProjectName] Editor" joined alternative multi-casting on [225.0.0.222:34997]...

[Physics::Module] Initialized MultithreadedJobDispatcher with 15 workers.
Refreshing native plugins compatible for Editor in 18.36 ms, found 4 plugins.
Preloading 0 native plugins for Editor in 0.00 ms.
Initialize engine version: 2022.3.17f1 (4fc78088f837)
[Subsystems] Discovering subsystems at path C:/Program Files/Unity/Hub/Editor/2022.3.17f1/Editor/Data/Resources/UnitySubsystems
[Subsystems] Discovering subsystems at path C:/Users/Lydia/Documents/GitHub/CS4423-VideoGameProject/CS4423-GenghisHouseOdyssey/Assets
GfxDevice: creating device client; threaded=0; jobified=0
Direct3D:
    Version:  Direct3D 11.0 [level 11.1]
    Renderer: NVIDIA GeForce RTX 3050 Laptop GPU (ID=0x25e2)
    Vendor:   NVIDIA
    VRAM:     3991 MB
    Driver:   30.0.15.1236
Initialize mono
Mono path[0] = 'C:/Program Files/Unity/Hub/Editor/2022.3.17f1/Editor/Data/Managed'
Mono path[1] = 'C:/Program Files/Unity/Hub/Editor/2022.3.17f1/Editor/Data/MonoBleedingEdge/lib/mono/unityjit-win32'
Mono config path = 'C:/Program Files/Unity/Hub/Editor/2022.3.17f1/Editor/Data/MonoBleedingEdge/etc'
Using monoOptions --debugger-agent=transport=dt_socket,embedding=1,server=y,suspend=n,address=127.0.0.1:56840
Begin MonoManager ReloadAssembly
Registering precompiled unity dll's ...
Register platform support module: C:/Program Files/Unity/Hub/Editor/2022.3.17f1/Editor/Data/PlaybackEngines/WebGLSupport/UnityEditor.WebGL.Extensions.dll
Register platform support module: C:/Program Files/Unity/Hub/Editor/2022.3.17f1/Editor/Data/PlaybackEngines/WindowsStandaloneSupport/UnityEditor.WindowsStandalone.Extensions.dll
Registered in 0.008817 seconds.
- Loaded All Assemblies, in  0.771 seconds
Native extension for WindowsStandalone target not found
Native extension for WebGL target not found
Mono: successfully reloaded assembly
- Finished resetting the current domain, in  0.473 seconds
Domain Reload Profiling: 1242ms
	BeginReloadAssembly (286ms)
		ExecutionOrderSort (0ms)
		DisableScriptedObjects (0ms)
		BackupInstance (0ms)
		ReleaseScriptingObjects (0ms)
		CreateAndSetChildDomain (1ms)
	RebuildCommonClasses (64ms)
	RebuildNativeTypeToScriptingClass (15ms)
	initialDomainReloadingComplete (99ms)
	LoadAllAssembliesAndSetupDomain (305ms)
		LoadAssemblies (285ms)
		RebuildTransferFunctionScriptingTraits (0ms)
		AnalyzeDomain (300ms)
			TypeCache.Refresh (297ms)
				TypeCache.ScanAssembly (267ms)
			ScanForSourceGeneratedMonoScriptInfo (2ms)
			ResolveRequiredComponents (1ms)
	FinalizeReload (473ms)
		ReleaseScriptCaches (0ms)
		RebuildScriptCaches (0ms)
		SetupLoadedEditorAssemblies (378ms)
			LogAssemblyErrors (0ms)
			InitializePlatformSupportModulesInManaged (15ms)
			SetLoadedEditorAssemblies (9ms)
			RefreshPlugins (0ms)
			BeforeProcessingInitializeOnLoad (3ms)
			ProcessInitializeOnLoadAttributes (269ms)
			ProcessInitializeOnLoadMethodAttributes (81ms)
			AfterProcessingInitializeOnLoad (0ms)
			EditorAssembliesLoaded (0ms)
		ExecutionOrderSort2 (0ms)
		AwakeInstancesAfterBackupRestoration (0ms)
========================================================================
Worker process is ready to serve import requests
Begin MonoManager ReloadAssembly
- Loaded All Assemblies, in  1.240 seconds
Refreshing native plugins compatible for Editor in 10.46 ms, found 4 plugins.
Native extension for WindowsStandalone target not found
Native extension for WebGL target not found
Package Manager log level set to [2]
[Package Manager] Server::EnsureServerProcessIsRunning -- launch failed, reason: Unity was launched with the -noUpm command-line argument
[Package Manager] UpmClient::Send -- Unable to send message (not connected to UPM process).
[Package Manager] Cannot connect to Unity Package Manager local server
Mono: successfully reloaded assembly
- Finished resetting the current domain, in  1.148 seconds
Domain Reload Profiling: 2385ms
	BeginReloadAssembly (251ms)
		ExecutionOrderSort (0ms)
		DisableScriptedObjects (8ms)
		BackupInstance (0ms)
		ReleaseScriptingObjects (0ms)
		CreateAndSetChildDomain (29ms)
	RebuildCommonClasses (47ms)
	RebuildNativeTypeToScriptingClass (14ms)
	initialDomainReloadingComplete (63ms)
	LoadAllAssembliesAndSetupDomain (860ms)
		LoadAssemblies (653ms)
		RebuildTransferFunctionScriptingTraits (0ms)
		AnalyzeDomain (355ms)
			TypeCache.Refresh (303ms)
				TypeCache.ScanAssembly (269ms)
			ScanForSourceGeneratedMonoScriptInfo (43ms)
			ResolveRequiredComponents (8ms)
	FinalizeReload (1149ms)
		ReleaseScriptCaches (0ms)
		RebuildScriptCaches (0ms)
		SetupLoadedEditorAssemblies (877ms)
			LogAssemblyErrors (0ms)
			InitializePlatformSupportModulesInManaged (13ms)
			SetLoadedEditorAssemblies (6ms)
			RefreshPlugins (0ms)
			BeforeProcessingInitializeOnLoad (137ms)
			ProcessInitializeOnLoadAttributes (658ms)
			ProcessInitializeOnLoadMethodAttributes (54ms)
			AfterProcessingInitializeOnLoad (10ms)
			EditorAssembliesLoaded (0ms)
		ExecutionOrderSort2 (0ms)
		AwakeInstancesAfterBackupRestoration (12ms)
Launched and connected shader compiler UnityShaderCompiler.exe after 0.10 seconds
Refreshing native plugins compatible for Editor in 6.70 ms, found 4 plugins.
Preloading 0 native plugins for Editor in 0.00 ms.
Unloading 4044 Unused Serialized files (Serialized files now loaded: 0)
Unloading 70 unused Assets / (245.1 KB). Loaded Objects now: 4501.
Memory consumption went from 149.4 MB to 149.2 MB.
Total: 6.292700 ms (FindLiveObjects: 0.342900 ms CreateObjectMapping: 0.180300 ms MarkObjects: 5.437300 ms  DeleteObjects: 0.330500 ms)

AssetImportParameters requested are different than current active one (requested -> active):
  custom:container-demuxer-ogg: 62fdf1f143b41e24485cea50d1cbac27 -> 
  custom:video-codec-MediaFoundation-h265: 746d11721c4dcdbdad8f713fa42b33f4 -> 
  custom:video-decoder-ogg-theora: a1e56fd34408186e4bbccfd4996cb3dc -> 
  custom:framework-win-MediaFoundation: 216162199b28c13a410421893ffa2e32 -> 
  custom:CustomObjectIndexerAttribute: 6d391050e5a25f67b0a2c618074f2cd9 -> 
  custom:container-demuxer-webm: 4f35f7cbe854078d1ac9338744f61a02 -> 
  custom:container-muxer-webm: aa71ff27fc2769a1b78a27578f13a17b -> 
  custom:video-decoder-webm-vp8: 9c59270c3fd7afecdb556c50c9e8de78 -> 
  custom:SearchIndexIgnoredProperties: e643bd26f0fe6173181afceb89e7c659 -> 
  custom:AudioImporter_EditorPlatform: d09bf68614088b80899f8185d706f6e7 -> 
  custom:video-encoder-webm-vp8: eb34c28f22e8b96e1ab97ce403110664 -> 
  custom:audio-decoder-ogg-vorbis: bf7c407c2cedff20999df2af8eb42d56 -> 
  custom:audio-encoder-webm-vorbis: bf7c407c2cedff20999df2af8eb42d56 -> 
========================================================================
Received Import Request.
  Time since last request: 103132.261565 seconds.
  path: Assets/Scenes/House.unity
  artifactKey: Guid(ef7302cdc29385b47841f8a325b62b7e) Importer(815301076,1909f56bfc062723c751e8b465ee728b)
Start importing Assets/Scenes/House.unity using Guid(ef7302cdc29385b47841f8a325b62b7e) Importer(815301076,1909f56bfc062723c751e8b465ee728b)  -> (artifact id: '2e30a3385d700704c33959b14cae0680') in 0.003214 seconds
Number of updated asset objects reloaded before import = 0
Number of asset objects unloaded after import = 0
========================================================================
Received Import Request.
  Time since last request: 84.990454 seconds.
  path: Assets/Tiles/floor and walls spritesheet_0.asset
  artifactKey: Guid(58f69feeed5337a4eae4fdbbd05b71e4) Importer(815301076,1909f56bfc062723c751e8b465ee728b)
Start importing Assets/Tiles/floor and walls spritesheet_0.asset using Guid(58f69feeed5337a4eae4fdbbd05b71e4) Importer(815301076,1909f56bfc062723c751e8b465ee728b)  -> (artifact id: '08b37a5c6e9bbf0d58575ca189a03f6c') in 0.226614 seconds
Number of updated asset objects reloaded before import = 0
Number of asset objects unloaded after import = 3
========================================================================
Received Import Request.
  Time since last request: 0.000046 seconds.
  path: Assets/Tiles/floor and walls spritesheet_18.asset
  artifactKey: Guid(fa02d662054f3ed4abbbbcb3b8d79d95) Importer(815301076,1909f56bfc062723c751e8b465ee728b)
Start importing Assets/Tiles/floor and walls spritesheet_18.asset using Guid(fa02d662054f3ed4abbbbcb3b8d79d95) Importer(815301076,1909f56bfc062723c751e8b465ee728b)  -> (artifact id: 'daedc9c4f8ecf8f2a5b931a8e511a344') in 0.023508 seconds
Number of updated asset objects reloaded before import = 0
Number of asset objects unloaded after import = 3
========================================================================
Received Import Request.
  Time since last request: 0.000048 seconds.
  path: Assets/Tiles/floor and walls spritesheet_51.asset
  artifactKey: Guid(54133a9f1feb803408c54095f69cb007) Importer(815301076,1909f56bfc062723c751e8b465ee728b)
Start importing Assets/Tiles/floor and walls spritesheet_51.asset using Guid(54133a9f1feb803408c54095f69cb007) Importer(815301076,1909f56bfc062723c751e8b465ee728b)  -> (artifact id: '266c20fd719d70c4e66ad1e0c960e698') in 0.031909 seconds
Number of updated asset objects reloaded before import = 0
Number of asset objects unloaded after import = 3
========================================================================
Received Import Request.
  Time since last request: 0.000033 seconds.
  path: Assets/Tiles/floor and walls spritesheet_2.asset
  artifactKey: Guid(48f8a709872c9284e9a4fbc2d8be1c93) Importer(815301076,1909f56bfc062723c751e8b465ee728b)
Start importing Assets/Tiles/floor and walls spritesheet_2.asset using Guid(48f8a709872c9284e9a4fbc2d8be1c93) Importer(815301076,1909f56bfc062723c751e8b465ee728b)  -> (artifact id: 'c020c5b0a0fbf3332e92432e632fdbec') in 0.019255 seconds
Number of updated asset objects reloaded before import = 0
Number of asset objects unloaded after import = 3
========================================================================
Received Import Request.
  Time since last request: 0.000036 seconds.
  path: Assets/Tiles/floor and walls spritesheet_47.asset
  artifactKey: Guid(019de036fc0690b408229f22d2c048b4) Importer(815301076,1909f56bfc062723c751e8b465ee728b)
Start importing Assets/Tiles/floor and walls spritesheet_47.asset using Guid(019de036fc0690b408229f22d2c048b4) Importer(815301076,1909f56bfc062723c751e8b465ee728b)  -> (artifact id: 'a784826e114aad59a11cd88c1570485a') in 0.024170 seconds
Number of updated asset objects reloaded before import = 0
Number of asset objects unloaded after import = 3
========================================================================
Received Import Request.
  Time since last request: 0.000043 seconds.
  path: Assets/Tiles/floor and walls spritesheet_4.asset
  artifactKey: Guid(8182479e6bcca384ca9b8c6531b82d7e) Importer(815301076,1909f56bfc062723c751e8b465ee728b)
Start importing Assets/Tiles/floor and walls spritesheet_4.asset using Guid(8182479e6bcca384ca9b8c6531b82d7e) Importer(815301076,1909f56bfc062723c751e8b465ee728b)  -> (artifact id: '99a0bd91057b445572802d8aa74cd579') in 0.046059 seconds
Number of updated asset objects reloaded before import = 0
Number of asset objects unloaded after import = 3
========================================================================
Received Import Request.
  Time since last request: 0.000041 seconds.
  path: Assets/Tiles/floor and walls spritesheet_5.asset
  artifactKey: Guid(50e8de87a8492cd46a661c0dcc9b98b6) Importer(815301076,1909f56bfc062723c751e8b465ee728b)
Start importing Assets/Tiles/floor and walls spritesheet_5.asset using Guid(50e8de87a8492cd46a661c0dcc9b98b6) Importer(815301076,1909f56bfc062723c751e8b465ee728b)  -> (artifact id: '65a4b45a6d69a7c713d3fe9edc625f85') in 0.029788 seconds
Number of updated asset objects reloaded before import = 0
Number of asset objects unloaded after import = 3
========================================================================
Received Import Request.
  Time since last request: 0.000033 seconds.
  path: Assets/Tiles/floor and walls spritesheet_39.asset
  artifactKey: Guid(9c4f416931a6c8047b40a7caef45419c) Importer(815301076,1909f56bfc062723c751e8b465ee728b)
Start importing Assets/Tiles/floor and walls spritesheet_39.asset using Guid(9c4f416931a6c8047b40a7caef45419c) Importer(815301076,1909f56bfc062723c751e8b465ee728b)  -> (artifact id: 'cb869de2c9b6fd2e1755e5950191d6ef') in 0.023650 seconds
Number of updated asset objects reloaded before import = 0
Number of asset objects unloaded after import = 3
========================================================================
Received Import Request.
  Time since last request: 0.000030 seconds.
  path: Assets/Tiles/floor and walls spritesheet_32.asset
  artifactKey: Guid(2ad418074af03d249a381f1b06c6f314) Importer(815301076,1909f56bfc062723c751e8b465ee728b)
Start importing Assets/Tiles/floor and walls spritesheet_32.asset using Guid(2ad418074af03d249a381f1b06c6f314) Importer(815301076,1909f56bfc062723c751e8b465ee728b)  -> (artifact id: '0ce14c856899abfb76763b634e70229a') in 0.033905 seconds
Number of updated asset objects reloaded before import = 0
Number of asset objects unloaded after import = 3
========================================================================
Received Import Request.
  Time since last request: 0.000036 seconds.
  path: Assets/Tiles/floor and walls spritesheet_52.asset
  artifactKey: Guid(a7d27fc4ba02e33488103c5e80252c7a) Importer(815301076,1909f56bfc062723c751e8b465ee728b)
Start importing Assets/Tiles/floor and walls spritesheet_52.asset using Guid(a7d27fc4ba02e33488103c5e80252c7a) Importer(815301076,1909f56bfc062723c751e8b465ee728b)  -> (artifact id: 'b0b3c5544a69dafa9e2cc3ddafdac9c0') in 0.032156 seconds
Number of updated asset objects reloaded before import = 0
Number of asset objects unloaded after import = 3
========================================================================
Received Import Request.
  Time since last request: 0.000030 seconds.
  path: Assets/Tiles/floor and walls spritesheet_38.asset
  artifactKey: Guid(565f012695cb9594791c348c89d1e5e8) Importer(815301076,1909f56bfc062723c751e8b465ee728b)
Start importing Assets/Tiles/floor and walls spritesheet_38.asset using Guid(565f012695cb9594791c348c89d1e5e8) Importer(815301076,1909f56bfc062723c751e8b465ee728b)  -> (artifact id: '00b812879360e37566416cf33f59cefa') in 0.015149 seconds
Number of updated asset objects reloaded before import = 0
Number of asset objects unloaded after import = 3
========================================================================
Received Import Request.
  Time since last request: 0.000027 seconds.
  path: Assets/Tiles/floor and walls spritesheet_6.asset
  artifactKey: Guid(59d4cf8ad4e4af84d92adb0524d74c87) Importer(815301076,1909f56bfc062723c751e8b465ee728b)
Start importing Assets/Tiles/floor and walls spritesheet_6.asset using Guid(59d4cf8ad4e4af84d92adb0524d74c87) Importer(815301076,1909f56bfc062723c751e8b465ee728b)  -> (artifact id: '1bf0664c47f65f94a00c784ca3e1bab4') in 0.022325 seconds
Number of updated asset objects reloaded before import = 0
Number of asset objects unloaded after import = 3
========================================================================
Received Import Request.
  Time since last request: 0.000019 seconds.
  path: Assets/Tiles/floor and walls spritesheet_26.asset
  artifactKey: Guid(8da0eb2e281aba24693d59e524f4896c) Importer(815301076,1909f56bfc062723c751e8b465ee728b)
Start importing Assets/Tiles/floor and walls spritesheet_26.asset using Guid(8da0eb2e281aba24693d59e524f4896c) Importer(815301076,1909f56bfc062723c751e8b465ee728b)  -> (artifact id: '5abe752f663ddf01a7df27d200497dbc') in 0.022459 seconds
Number of updated asset objects reloaded before import = 0
Number of asset objects unloaded after import = 3
========================================================================
Received Import Request.
  Time since last request: 0.000023 seconds.
  path: Assets/Tiles/floor and walls spritesheet_14.asset
  artifactKey: Guid(456c14876509caf4486e6603a0928cfc) Importer(815301076,1909f56bfc062723c751e8b465ee728b)
Start importing Assets/Tiles/floor and walls spritesheet_14.asset using Guid(456c14876509caf4486e6603a0928cfc) Importer(815301076,1909f56bfc062723c751e8b465ee728b)  -> (artifact id: '696940f2e9148024c2dbcf2180d3b159') in 0.015969 seconds
Number of updated asset objects reloaded before import = 0
Number of asset objects unloaded after import = 3
========================================================================
Received Import Request.
  Time since last request: 0.000019 seconds.
  path: Assets/Tiles/floor and walls spritesheet_49.asset
  artifactKey: Guid(8f7c0cc2f1b4eec44a253e0928c53a13) Importer(815301076,1909f56bfc062723c751e8b465ee728b)
Start importing Assets/Tiles/floor and walls spritesheet_49.asset using Guid(8f7c0cc2f1b4eec44a253e0928c53a13) Importer(815301076,1909f56bfc062723c751e8b465ee728b)  -> (artifact id: '519c7b7330a093f4f2259a4c72f79121') in 0.014616 seconds
Number of updated asset objects reloaded before import = 0
Number of asset objects unloaded after import = 3
========================================================================
Received Import Request.
  Time since last request: 0.000023 seconds.
  path: Assets/Tiles/floor and walls spritesheet_28.asset
  artifactKey: Guid(c1ff3527313aae949b748b08c825af1a) Importer(815301076,1909f56bfc062723c751e8b465ee728b)
Start importing Assets/Tiles/floor and walls spritesheet_28.asset using Guid(c1ff3527313aae949b748b08c825af1a) Importer(815301076,1909f56bfc062723c751e8b465ee728b)  -> (artifact id: '702ac3ffde3792b1c0da31dd15ecd74d') in 0.014652 seconds
Number of updated asset objects reloaded before import = 0
Number of asset objects unloaded after import = 3
========================================================================
Received Import Request.
  Time since last request: 0.000024 seconds.
  path: Assets/Tiles/floor and walls spritesheet_48.asset
  artifactKey: Guid(dc9f0aff8e36c0c458791fe6abffe948) Importer(815301076,1909f56bfc062723c751e8b465ee728b)
Start importing Assets/Tiles/floor and walls spritesheet_48.asset using Guid(dc9f0aff8e36c0c458791fe6abffe948) Importer(815301076,1909f56bfc062723c751e8b465ee728b)  -> (artifact id: 'dcb66988163e32aef2fd325f72a872c3') in 0.019239 seconds
Number of updated asset objects reloaded before import = 0
Number of asset objects unloaded after import = 3
========================================================================
Received Import Request.
  Time since last request: 0.000018 seconds.
  path: Assets/Tiles/floor and walls spritesheet_7.asset
  artifactKey: Guid(213d4f7731cb7e84daa3f2835dd06d39) Importer(815301076,1909f56bfc062723c751e8b465ee728b)
Start importing Assets/Tiles/floor and walls spritesheet_7.asset using Guid(213d4f7731cb7e84daa3f2835dd06d39) Importer(815301076,1909f56bfc062723c751e8b465ee728b)  -> (artifact id: 'dad33a99b502ae24292e978874775e20') in 0.015350 seconds
Number of updated asset objects reloaded before import = 0
Number of asset objects unloaded after import = 3
========================================================================
Received Import Request.
  Time since last request: 0.000022 seconds.
  path: Assets/Tiles/floor and walls spritesheet_24.asset
  artifactKey: Guid(058aec68cb7ad0f4dae1720b8467d867) Importer(815301076,1909f56bfc062723c751e8b465ee728b)
Start importing Assets/Tiles/floor and walls spritesheet_24.asset using Guid(058aec68cb7ad0f4dae1720b8467d867) Importer(815301076,1909f56bfc062723c751e8b465ee728b)  -> (artifact id: '03e67df49a7dc295e5e7ee96da5a7af0') in 0.015774 seconds
Number of updated asset objects reloaded before import = 0
Number of asset objects unloaded after import = 3
========================================================================
Received Import Request.
  Time since last request: 0.000028 seconds.
  path: Assets/Tiles/floor and walls spritesheet_45.asset
  artifactKey: Guid(9e2e851a50562fb4481a838451736e8c) Importer(815301076,1909f56bfc062723c751e8b465ee728b)
Start importing Assets/Tiles/floor and walls spritesheet_45.asset using Guid(9e2e851a50562fb4481a838451736e8c) Importer(815301076,1909f56bfc062723c751e8b465ee728b)  -> (artifact id: 'e59367245a4a9dbd479721d70aa63a47') in 0.016822 seconds
Number of updated asset objects reloaded before import = 0
Number of asset objects unloaded after import = 3
========================================================================
Received Import Request.
  Time since last request: 0.000025 seconds.
  path: Assets/Tiles/floor and walls spritesheet_31.asset
  artifactKey: Guid(9965c952efafaaa439b92d3c882a498b) Importer(815301076,1909f56bfc062723c751e8b465ee728b)
Start importing Assets/Tiles/floor and walls spritesheet_31.asset using Guid(9965c952efafaaa439b92d3c882a498b) Importer(815301076,1909f56bfc062723c751e8b465ee728b)  -> (artifact id: '2f202fc62d0ff5d02ea60c12dcfaf62b') in 0.015711 seconds
Number of updated asset objects reloaded before import = 0
Number of asset objects unloaded after import = 3
========================================================================
Received Import Request.
  Time since last request: 0.000029 seconds.
  path: Assets/Tiles/floor and walls spritesheet_36.asset
  artifactKey: Guid(30d4b640282a4d843ab4dd81550ff95b) Importer(815301076,1909f56bfc062723c751e8b465ee728b)
Start importing Assets/Tiles/floor and walls spritesheet_36.asset using Guid(30d4b640282a4d843ab4dd81550ff95b) Importer(815301076,1909f56bfc062723c751e8b465ee728b)  -> (artifact id: 'd0123052c1cf9631127c58bd23bce626') in 0.020398 seconds
Number of updated asset objects reloaded before import = 0
Number of asset objects unloaded after import = 3
========================================================================
Received Import Request.
  Time since last request: 0.000064 seconds.
  path: Assets/Tiles/floor and walls spritesheet_13.asset
  artifactKey: Guid(d8d4501fd4eb4f049846aab0ea190040) Importer(815301076,1909f56bfc062723c751e8b465ee728b)
Start importing Assets/Tiles/floor and walls spritesheet_13.asset using Guid(d8d4501fd4eb4f049846aab0ea190040) Importer(815301076,1909f56bfc062723c751e8b465ee728b)  -> (artifact id: 'c082dd3fc1f5f7e3c4cba5578ad9df2d') in 0.016313 seconds
Number of updated asset objects reloaded before import = 0
Number of asset objects unloaded after import = 3
========================================================================
Received Import Request.
  Time since last request: 0.000032 seconds.
  path: Assets/Tiles/floor and walls spritesheet_17.asset
  artifactKey: Guid(d3989ec849c6b344a906a5a135771ff5) Importer(815301076,1909f56bfc062723c751e8b465ee728b)
Start importing Assets/Tiles/floor and walls spritesheet_17.asset using Guid(d3989ec849c6b344a906a5a135771ff5) Importer(815301076,1909f56bfc062723c751e8b465ee728b)  -> (artifact id: 'd4b4ff976028cb9a1249b351bac39260') in 0.014818 seconds
Number of updated asset objects reloaded before import = 0
Number of asset objects unloaded after import = 3
========================================================================
Received Import Request.
  Time since last request: 0.000022 seconds.
  path: Assets/Tiles/floor and walls spritesheet_23.asset
  artifactKey: Guid(366bbc453cd50da4397ffdb15a3aa3e9) Importer(815301076,1909f56bfc062723c751e8b465ee728b)
Start importing Assets/Tiles/floor and walls spritesheet_23.asset using Guid(366bbc453cd50da4397ffdb15a3aa3e9) Importer(815301076,1909f56bfc062723c751e8b465ee728b)  -> (artifact id: '700d795919258ab905688e619bfc7d90') in 0.015364 seconds
Number of updated asset objects reloaded before import = 0
Number of asset objects unloaded after import = 3
========================================================================
Received Import Request.
  Time since last request: 0.000019 seconds.
  path: Assets/Tiles/floor and walls spritesheet_33.asset
  artifactKey: Guid(097ff568d4e03104cbcfa6e9b86e7bca) Importer(815301076,1909f56bfc062723c751e8b465ee728b)
Start importing Assets/Tiles/floor and walls spritesheet_33.asset using Guid(097ff568d4e03104cbcfa6e9b86e7bca) Importer(815301076,1909f56bfc062723c751e8b465ee728b)  -> (artifact id: '72ed9b0a44ff9e58aa499199223f8ac5') in 0.014124 seconds
Number of updated asset objects reloaded before import = 0
Number of asset objects unloaded after import = 3
Editor requested this worker to shutdown with reason: Scaling down because of idle timeout
TcpMessagingSession - receive error: operation aborted. errorcode: 995, details: The I/O operation has been aborted because of either a thread exit or an application request.
AssetImportWorker is now disconnected from the server
Process exiting
Exiting without the bug reporter. Application will terminate with return code 0